[0.017s] Invoking command in '/home/vboxuser/ros_ws/build/to_rover': CMAKE_PREFIX_PATH=${CMAKE_PREFIX_PATH}:/opt/ros/humble /usr/bin/cmake /home/vboxuser/ros_ws/src/to_rover -DAMENT_CMAKE_SYMLINK_INSTALL=1 -DCMAKE_INSTALL_PREFIX=/home/vboxuser/ros_ws/install/to_rover
[0.059s] -- The C compiler identification is GNU 11.4.0
[0.094s] -- The CXX compiler identification is GNU 11.4.0
[0.101s] -- Detecting C compiler ABI info
[0.153s] -- Detecting C compiler ABI info - done
[0.156s] -- Check for working C compiler: /usr/bin/cc - skipped
[0.156s] -- Detecting C compile features
[0.157s] -- Detecting C compile features - done
[0.158s] -- Detecting CXX compiler ABI info
[0.214s] -- Detecting CXX compiler ABI info - done
[0.221s] -- Check for working CXX compiler: /usr/bin/c++ - skipped
[0.221s] -- Detecting CXX compile features
[0.222s] -- Detecting CXX compile features - done
[0.224s] -- Found ament_cmake: 1.3.12 (/opt/ros/humble/share/ament_cmake/cmake)
[0.320s] -- Found Python3: /usr/bin/python3 (found version "3.10.12") found components: Interpreter 
[0.367s] -- Override CMake install command with custom implementation using symlinks instead of copying resources
[0.380s] -- Found rclcpp: 16.0.15 (/opt/ros/humble/share/rclcpp/cmake)
[0.404s] -- Found rosidl_generator_c: 3.1.7 (/opt/ros/humble/share/rosidl_generator_c/cmake)
[0.406s] -- Found rosidl_adapter: 3.1.7 (/opt/ros/humble/share/rosidl_adapter/cmake)
[0.411s] -- Found rosidl_generator_cpp: 3.1.7 (/opt/ros/humble/share/rosidl_generator_cpp/cmake)
[0.418s] -- Using all available rosidl_typesupport_c: rosidl_typesupport_fastrtps_c;rosidl_typesupport_introspection_c
[0.437s] -- Using all available rosidl_typesupport_cpp: rosidl_typesupport_fastrtps_cpp;rosidl_typesupport_introspection_cpp
[0.460s] -- Found rmw_implementation_cmake: 6.1.2 (/opt/ros/humble/share/rmw_implementation_cmake/cmake)
[0.462s] -- Found rmw_fastrtps_cpp: 6.2.9 (/opt/ros/humble/share/rmw_fastrtps_cpp/cmake)
[0.511s] -- Found OpenSSL: /usr/lib/x86_64-linux-gnu/libcrypto.so (found version "3.0.2")  
[0.537s] -- Found FastRTPS: /opt/ros/humble/include  
[0.562s] -- Using RMW implementation 'rmw_fastrtps_cpp' as default
[0.567s] -- Looking for pthread.h
[0.613s] -- Looking for pthread.h - found
[0.613s] -- Performing Test CMAKE_HAVE_LIBC_PTHREAD
[0.670s] -- Performing Test CMAKE_HAVE_LIBC_PTHREAD - Success
[0.670s] -- Found Threads: TRUE  
[0.700s] -- Found control_msgs: 4.8.0 (/opt/ros/humble/share/control_msgs/cmake)
[0.760s] -- Found control_toolbox: 3.6.2 (/opt/ros/humble/share/control_toolbox/cmake)
[0.821s] -- Found ros_gz: 0.244.20 (/opt/ros/humble/share/ros_gz/cmake)
[0.822s] -- Found ackermann_steering_controller: 2.50.1 (/opt/ros/humble/share/ackermann_steering_controller/cmake)
[0.880s] -- Found eigen3_cmake_module: 0.1.1 (/opt/ros/humble/share/eigen3_cmake_module/cmake)
[0.880s] -- Found Eigen3: TRUE (found version "3.4.0") 
[0.880s] -- Ensuring Eigen3 include directory is part of orocos-kdl CMake target
[0.900s] -- Found joint_state_broadcaster: 2.50.1 (/opt/ros/humble/share/joint_state_broadcaster/cmake)
[0.906s] -- Found ament_lint_auto: 0.12.14 (/opt/ros/humble/share/ament_lint_auto/cmake)
[0.969s] -- Added test 'cppcheck' to perform static code analysis on C / C++ code
[0.969s] -- Configured cppcheck include dirs: 
[0.969s] -- Configured cppcheck exclude dirs and/or files: 
[0.970s] -- Added test 'flake8' to check Python code syntax and style conventions
[0.970s] -- Added test 'lint_cmake' to check CMake code style
[0.971s] -- Added test 'pep257' to check Python code against some of the docstring style conventions in PEP 257
[0.971s] -- Added test 'uncrustify' to check C / C++ code style
[0.971s] -- Configured uncrustify additional arguments: 
[0.972s] -- Added test 'xmllint' to check XML markup files
[0.974s] -- Configuring done
[0.977s] -- Generating done
[0.978s] -- Build files have been written to: /home/vboxuser/ros_ws/build/to_rover
[0.989s] Invoked command in '/home/vboxuser/ros_ws/build/to_rover' returned '0': CMAKE_PREFIX_PATH=${CMAKE_PREFIX_PATH}:/opt/ros/humble /usr/bin/cmake /home/vboxuser/ros_ws/src/to_rover -DAMENT_CMAKE_SYMLINK_INSTALL=1 -DCMAKE_INSTALL_PREFIX=/home/vboxuser/ros_ws/install/to_rover
[0.990s] Invoking command in '/home/vboxuser/ros_ws/build/to_rover': CMAKE_PREFIX_PATH=${CMAKE_PREFIX_PATH}:/opt/ros/humble /usr/bin/cmake --build /home/vboxuser/ros_ws/build/to_rover -- -j14 -l14
[1.015s] Invoked command in '/home/vboxuser/ros_ws/build/to_rover' returned '0': CMAKE_PREFIX_PATH=${CMAKE_PREFIX_PATH}:/opt/ros/humble /usr/bin/cmake --build /home/vboxuser/ros_ws/build/to_rover -- -j14 -l14
[1.017s] Invoking command in '/home/vboxuser/ros_ws/build/to_rover': CMAKE_PREFIX_PATH=${CMAKE_PREFIX_PATH}:/opt/ros/humble /usr/bin/cmake --install /home/vboxuser/ros_ws/build/to_rover
[1.029s] -- Install configuration: ""
[1.029s] -- Execute custom install script
[1.029s] -- Symlinking: /home/vboxuser/ros_ws/install/to_rover/share/to_rover//launch/display.launch
[1.036s] -- Symlinking: /home/vboxuser/ros_ws/install/to_rover/share/to_rover//launch/view_to.launch.py
[1.042s] -- Symlinking: /home/vboxuser/ros_ws/install/to_rover/share/to_rover//urdf/TO_URDF_1.1.csv
[1.046s] -- Symlinking: /home/vboxuser/ros_ws/install/to_rover/share/to_rover//urdf/TO_URDF_1.1.urdf
[1.051s] -- Symlinking: /home/vboxuser/ros_ws/install/to_rover/share/to_rover//urdf/TO_URDF_joint_limited_robot.urdf
[1.056s] -- Symlinking: /home/vboxuser/ros_ws/install/to_rover/share/to_rover//urdf/to.gazebo.xacro
[1.061s] -- Symlinking: /home/vboxuser/ros_ws/install/to_rover/share/to_rover//urdf/to.transmission.xacro
[1.068s] -- Symlinking: /home/vboxuser/ros_ws/install/to_rover/share/to_rover//urdf/to_rover.urdf
[1.073s] -- Symlinking: /home/vboxuser/ros_ws/install/to_rover/share/to_rover//urdf/to_rover.urdf.xacro
[1.078s] -- Symlinking: /home/vboxuser/ros_ws/install/to_rover/share/to_rover//meshes/collision/LFS.STL
[1.085s] -- Symlinking: /home/vboxuser/ros_ws/install/to_rover/share/to_rover//meshes/collision/LFW.STL
[1.090s] -- Symlinking: /home/vboxuser/ros_ws/install/to_rover/share/to_rover//meshes/collision/LRS.STL
[1.095s] -- Symlinking: /home/vboxuser/ros_ws/install/to_rover/share/to_rover//meshes/collision/LRW.STL
[1.100s] -- Symlinking: /home/vboxuser/ros_ws/install/to_rover/share/to_rover//meshes/collision/RFS.STL
[1.105s] -- Symlinking: /home/vboxuser/ros_ws/install/to_rover/share/to_rover//meshes/collision/RFW.STL
[1.110s] -- Symlinking: /home/vboxuser/ros_ws/install/to_rover/share/to_rover//meshes/collision/RRS.STL
[1.115s] -- Symlinking: /home/vboxuser/ros_ws/install/to_rover/share/to_rover//meshes/collision/RRW.STL
[1.121s] -- Symlinking: /home/vboxuser/ros_ws/install/to_rover/share/to_rover//meshes/collision/base_link.STL
[1.131s] -- Symlinking: /home/vboxuser/ros_ws/install/to_rover/share/to_rover//meshes/visual/LFS.dae
[1.138s] -- Symlinking: /home/vboxuser/ros_ws/install/to_rover/share/to_rover//meshes/visual/LFW.dae
[1.145s] -- Symlinking: /home/vboxuser/ros_ws/install/to_rover/share/to_rover//meshes/visual/LRS.dae
[1.151s] -- Symlinking: /home/vboxuser/ros_ws/install/to_rover/share/to_rover//meshes/visual/LRW.dae
[1.157s] -- Symlinking: /home/vboxuser/ros_ws/install/to_rover/share/to_rover//meshes/visual/RFS.dae
[1.162s] -- Symlinking: /home/vboxuser/ros_ws/install/to_rover/share/to_rover//meshes/visual/RFW.dae
[1.168s] -- Symlinking: /home/vboxuser/ros_ws/install/to_rover/share/to_rover//meshes/visual/RRS.dae
[1.175s] -- Symlinking: /home/vboxuser/ros_ws/install/to_rover/share/to_rover//meshes/visual/RRW.dae
[1.180s] -- Symlinking: /home/vboxuser/ros_ws/install/to_rover/share/to_rover//meshes/visual/base_link.dae
[1.189s] -- Symlinking: /home/vboxuser/ros_ws/install/to_rover/share/to_rover//src/Wheel_control.cpp
[1.195s] -- Symlinking: /home/vboxuser/ros_ws/install/to_rover/share/to_rover//config/joint_names_to_rover.yaml
[1.200s] -- Symlinking: /home/vboxuser/ros_ws/install/to_rover/share/to_rover//config/to_control_manager.yaml
[1.205s] -- Symlinking: /home/vboxuser/ros_ws/install/to_rover/share/ament_index/resource_index/package_run_dependencies/to_rover
[1.210s] -- Symlinking: /home/vboxuser/ros_ws/install/to_rover/share/ament_index/resource_index/parent_prefix_path/to_rover
[1.215s] -- Symlinking: /home/vboxuser/ros_ws/install/to_rover/share/to_rover/environment/ament_prefix_path.sh
[1.221s] -- Symlinking: /home/vboxuser/ros_ws/install/to_rover/share/to_rover/environment/ament_prefix_path.dsv
[1.230s] -- Symlinking: /home/vboxuser/ros_ws/install/to_rover/share/to_rover/environment/path.sh
[1.237s] -- Symlinking: /home/vboxuser/ros_ws/install/to_rover/share/to_rover/environment/path.dsv
[1.242s] -- Symlinking: /home/vboxuser/ros_ws/install/to_rover/share/to_rover/local_setup.bash
[1.248s] -- Symlinking: /home/vboxuser/ros_ws/install/to_rover/share/to_rover/local_setup.sh
[1.255s] -- Symlinking: /home/vboxuser/ros_ws/install/to_rover/share/to_rover/local_setup.zsh
[1.260s] -- Symlinking: /home/vboxuser/ros_ws/install/to_rover/share/to_rover/local_setup.dsv
[1.265s] -- Symlinking: /home/vboxuser/ros_ws/install/to_rover/share/to_rover/package.dsv
[1.270s] -- Symlinking: /home/vboxuser/ros_ws/install/to_rover/share/ament_index/resource_index/packages/to_rover
[1.275s] -- Symlinking: /home/vboxuser/ros_ws/install/to_rover/share/to_rover/cmake/ament_cmake_export_dependencies-extras.cmake
[1.280s] -- Symlinking: /home/vboxuser/ros_ws/install/to_rover/share/to_rover/cmake/to_roverConfig.cmake
[1.286s] -- Symlinking: /home/vboxuser/ros_ws/install/to_rover/share/to_rover/cmake/to_roverConfig-version.cmake
[1.292s] -- Symlinking: /home/vboxuser/ros_ws/install/to_rover/share/to_rover/package.xml
[1.298s] Invoked command in '/home/vboxuser/ros_ws/build/to_rover' returned '0': CMAKE_PREFIX_PATH=${CMAKE_PREFIX_PATH}:/opt/ros/humble /usr/bin/cmake --install /home/vboxuser/ros_ws/build/to_rover
