[0.056s] DEBUG:colcon:Command line arguments: ['/usr/bin/colcon', 'build']
[0.057s] DEBUG:colcon:Parsed command line arguments: Namespace(log_base=None, log_level=None, verb_name='build', build_base='build', install_base='install', merge_install=False, symlink_install=False, test_result_base=None, continue_on_error=False, executor='parallel', parallel_workers=14, event_handlers=None, ignore_user_meta=False, metas=['./colcon.meta'], base_paths=['.'], packages_ignore=None, packages_ignore_regex=None, paths=None, packages_up_to=None, packages_up_to_regex=None, packages_above=None, packages_above_and_dependencies=None, packages_above_depth=None, packages_select_by_dep=None, packages_skip_by_dep=None, packages_skip_up_to=None, packages_select_build_failed=False, packages_skip_build_finished=False, packages_select_test_failures=False, packages_skip_test_passed=False, packages_select=None, packages_skip=None, packages_select_regex=None, packages_skip_regex=None, packages_start=None, packages_end=None, allow_overriding=[], cmake_args=None, cmake_target=None, cmake_target_skip_unavailable=False, cmake_clean_cache=False, cmake_clean_first=False, cmake_force_configure=False, ament_cmake_args=None, catkin_cmake_args=None, catkin_skip_building_tests=False, mixin_files=None, mixin=None, verb_parser=<colcon_mixin.mixin.mixin_argument.MixinArgumentDecorator object at 0x708beb939c00>, verb_extension=<colcon_core.verb.build.BuildVerb object at 0x708beb939240>, main=<bound method BuildVerb.main of <colcon_core.verb.build.BuildVerb object at 0x708beb939240>>, mixin_verb=('build',))
[0.151s] Level 1:colcon.colcon_core.package_discovery:discover_packages(colcon_meta) check parameters
[0.151s] Level 1:colcon.colcon_core.package_discovery:discover_packages(recursive) check parameters
[0.151s] Level 1:colcon.colcon_core.package_discovery:discover_packages(ignore) check parameters
[0.151s] Level 1:colcon.colcon_core.package_discovery:discover_packages(path) check parameters
[0.151s] Level 1:colcon.colcon_core.package_discovery:discover_packages(colcon_meta) discover
[0.151s] Level 1:colcon.colcon_core.package_discovery:discover_packages(recursive) discover
[0.151s] INFO:colcon.colcon_core.package_discovery:Crawling recursively for packages in '/home/vboxuser/ros_ws/src'
[0.152s] Level 1:colcon.colcon_core.package_identification:_identify(.) by extensions ['ignore', 'ignore_ament_install']
[0.152s] Level 1:colcon.colcon_core.package_identification:_identify(.) by extension 'ignore'
[0.152s] Level 1:colcon.colcon_core.package_identification:_identify(.) by extension 'ignore_ament_install'
[0.152s] Level 1:colcon.colcon_core.package_identification:_identify(.) by extensions ['colcon_pkg']
[0.152s] Level 1:colcon.colcon_core.package_identification:_identify(.) by extension 'colcon_pkg'
[0.152s] Level 1:colcon.colcon_core.package_identification:_identify(.) by extensions ['colcon_meta']
[0.152s] Level 1:colcon.colcon_core.package_identification:_identify(.) by extension 'colcon_meta'
[0.152s] Level 1:colcon.colcon_core.package_identification:_identify(.) by extensions ['ros']
[0.152s] Level 1:colcon.colcon_core.package_identification:_identify(.) by extension 'ros'
[0.158s] Level 1:colcon.colcon_core.package_identification:_identify(.) by extensions ['cmake', 'python']
[0.158s] Level 1:colcon.colcon_core.package_identification:_identify(.) by extension 'cmake'
[0.158s] Level 1:colcon.colcon_core.package_identification:_identify(.) by extension 'python'
[0.158s] Level 1:colcon.colcon_core.package_identification:_identify(.) by extensions ['python_setup_py']
[0.158s] Level 1:colcon.colcon_core.package_identification:_identify(.) by extension 'python_setup_py'
[0.158s] Level 1:colcon.colcon_core.package_identification:_identify(build) by extensions ['ignore', 'ignore_ament_install']
[0.158s] Level 1:colcon.colcon_core.package_identification:_identify(build) by extension 'ignore'
[0.158s] Level 1:colcon.colcon_core.package_identification:_identify(build) ignored
[0.158s] Level 1:colcon.colcon_core.package_identification:_identify(diff_drivebot) by extensions ['ignore', 'ignore_ament_install']
[0.158s] Level 1:colcon.colcon_core.package_identification:_identify(diff_drivebot) by extension 'ignore'
[0.158s] Level 1:colcon.colcon_core.package_identification:_identify(diff_drivebot) by extension 'ignore_ament_install'
[0.158s] Level 1:colcon.colcon_core.package_identification:_identify(diff_drivebot) by extensions ['colcon_pkg']
[0.158s] Level 1:colcon.colcon_core.package_identification:_identify(diff_drivebot) by extension 'colcon_pkg'
[0.158s] Level 1:colcon.colcon_core.package_identification:_identify(diff_drivebot) by extensions ['colcon_meta']
[0.158s] Level 1:colcon.colcon_core.package_identification:_identify(diff_drivebot) by extension 'colcon_meta'
[0.158s] Level 1:colcon.colcon_core.package_identification:_identify(diff_drivebot) by extensions ['ros']
[0.158s] Level 1:colcon.colcon_core.package_identification:_identify(diff_drivebot) by extension 'ros'
[0.159s] DEBUG:colcon.colcon_core.package_identification:Package 'diff_drivebot' with type 'ros.ament_cmake' and name 'diff_drivebot'
[0.159s] Level 1:colcon.colcon_core.package_identification:_identify(install) by extensions ['ignore', 'ignore_ament_install']
[0.159s] Level 1:colcon.colcon_core.package_identification:_identify(install) by extension 'ignore'
[0.159s] Level 1:colcon.colcon_core.package_identification:_identify(install) ignored
[0.159s] Level 1:colcon.colcon_core.package_identification:_identify(log) by extensions ['ignore', 'ignore_ament_install']
[0.159s] Level 1:colcon.colcon_core.package_identification:_identify(log) by extension 'ignore'
[0.159s] Level 1:colcon.colcon_core.package_identification:_identify(log) ignored
[0.159s] Level 1:colcon.colcon_core.package_identification:_identify(to_rover) by extensions ['ignore', 'ignore_ament_install']
[0.159s] Level 1:colcon.colcon_core.package_identification:_identify(to_rover) by extension 'ignore'
[0.160s] Level 1:colcon.colcon_core.package_identification:_identify(to_rover) by extension 'ignore_ament_install'
[0.160s] Level 1:colcon.colcon_core.package_identification:_identify(to_rover) by extensions ['colcon_pkg']
[0.160s] Level 1:colcon.colcon_core.package_identification:_identify(to_rover) by extension 'colcon_pkg'
[0.160s] Level 1:colcon.colcon_core.package_identification:_identify(to_rover) by extensions ['colcon_meta']
[0.160s] Level 1:colcon.colcon_core.package_identification:_identify(to_rover) by extension 'colcon_meta'
[0.160s] Level 1:colcon.colcon_core.package_identification:_identify(to_rover) by extensions ['ros']
[0.160s] Level 1:colcon.colcon_core.package_identification:_identify(to_rover) by extension 'ros'
[0.160s] DEBUG:colcon.colcon_core.package_identification:Package 'to_rover' with type 'ros.ament_cmake' and name 'to_rover'
[0.160s] Level 1:colcon.colcon_core.package_identification:_identify(to_urdf) by extensions ['ignore', 'ignore_ament_install']
[0.160s] Level 1:colcon.colcon_core.package_identification:_identify(to_urdf) by extension 'ignore'
[0.160s] Level 1:colcon.colcon_core.package_identification:_identify(to_urdf) by extension 'ignore_ament_install'
[0.160s] Level 1:colcon.colcon_core.package_identification:_identify(to_urdf) by extensions ['colcon_pkg']
[0.160s] Level 1:colcon.colcon_core.package_identification:_identify(to_urdf) by extension 'colcon_pkg'
[0.160s] Level 1:colcon.colcon_core.package_identification:_identify(to_urdf) by extensions ['colcon_meta']
[0.160s] Level 1:colcon.colcon_core.package_identification:_identify(to_urdf) by extension 'colcon_meta'
[0.160s] Level 1:colcon.colcon_core.package_identification:_identify(to_urdf) by extensions ['ros']
[0.160s] Level 1:colcon.colcon_core.package_identification:_identify(to_urdf) by extension 'ros'
[0.160s] Level 1:colcon.colcon_core.package_identification:_identify(to_urdf) by extensions ['cmake', 'python']
[0.160s] Level 1:colcon.colcon_core.package_identification:_identify(to_urdf) by extension 'cmake'
[0.160s] Level 1:colcon.colcon_core.package_identification:_identify(to_urdf) by extension 'python'
[0.160s] Level 1:colcon.colcon_core.package_identification:_identify(to_urdf) by extensions ['python_setup_py']
[0.160s] Level 1:colcon.colcon_core.package_identification:_identify(to_urdf) by extension 'python_setup_py'
[0.160s] Level 1:colcon.colcon_core.package_identification:_identify(to_wheels_drive) by extensions ['ignore', 'ignore_ament_install']
[0.160s] Level 1:colcon.colcon_core.package_identification:_identify(to_wheels_drive) by extension 'ignore'
[0.160s] Level 1:colcon.colcon_core.package_identification:_identify(to_wheels_drive) by extension 'ignore_ament_install'
[0.160s] Level 1:colcon.colcon_core.package_identification:_identify(to_wheels_drive) by extensions ['colcon_pkg']
[0.160s] Level 1:colcon.colcon_core.package_identification:_identify(to_wheels_drive) by extension 'colcon_pkg'
[0.160s] Level 1:colcon.colcon_core.package_identification:_identify(to_wheels_drive) by extensions ['colcon_meta']
[0.160s] Level 1:colcon.colcon_core.package_identification:_identify(to_wheels_drive) by extension 'colcon_meta'
[0.160s] Level 1:colcon.colcon_core.package_identification:_identify(to_wheels_drive) by extensions ['ros']
[0.160s] Level 1:colcon.colcon_core.package_identification:_identify(to_wheels_drive) by extension 'ros'
[0.161s] DEBUG:colcon.colcon_core.package_identification:Package 'to_wheels_drive' with type 'ros.ament_cmake' and name 'to_wheels_drive'
[0.161s] Level 1:colcon.colcon_core.package_discovery:discover_packages(recursive) using defaults
[0.161s] Level 1:colcon.colcon_core.package_discovery:discover_packages(ignore) discover
[0.161s] Level 1:colcon.colcon_core.package_discovery:discover_packages(ignore) using defaults
[0.161s] Level 1:colcon.colcon_core.package_discovery:discover_packages(path) discover
[0.161s] Level 1:colcon.colcon_core.package_discovery:discover_packages(path) using defaults
[0.176s] Level 1:colcon.colcon_core.package_discovery:discover_packages(prefix_path) check parameters
[0.176s] Level 1:colcon.colcon_core.package_discovery:discover_packages(prefix_path) discover
[0.176s] DEBUG:colcon.colcon_installed_package_information.package_discovery:Found 3 installed packages in /home/vboxuser/ros_ws/install
[0.177s] DEBUG:colcon.colcon_installed_package_information.package_discovery:Found 345 installed packages in /opt/ros/humble
[0.178s] Level 1:colcon.colcon_core.package_discovery:discover_packages(prefix_path) using defaults
[0.198s] Level 5:colcon.colcon_core.verb:set package 'diff_drivebot' build argument 'cmake_args' from command line to 'None'
[0.198s] Level 5:colcon.colcon_core.verb:set package 'diff_drivebot' build argument 'cmake_target' from command line to 'None'
[0.198s] Level 5:colcon.colcon_core.verb:set package 'diff_drivebot' build argument 'cmake_target_skip_unavailable' from command line to 'False'
[0.198s] Level 5:colcon.colcon_core.verb:set package 'diff_drivebot' build argument 'cmake_clean_cache' from command line to 'False'
[0.198s] Level 5:colcon.colcon_core.verb:set package 'diff_drivebot' build argument 'cmake_clean_first' from command line to 'False'
[0.198s] Level 5:colcon.colcon_core.verb:set package 'diff_drivebot' build argument 'cmake_force_configure' from command line to 'False'
[0.198s] Level 5:colcon.colcon_core.verb:set package 'diff_drivebot' build argument 'ament_cmake_args' from command line to 'None'
[0.198s] Level 5:colcon.colcon_core.verb:set package 'diff_drivebot' build argument 'catkin_cmake_args' from command line to 'None'
[0.198s] Level 5:colcon.colcon_core.verb:set package 'diff_drivebot' build argument 'catkin_skip_building_tests' from command line to 'False'
[0.198s] DEBUG:colcon.colcon_core.verb:Building package 'diff_drivebot' with the following arguments: {'ament_cmake_args': None, 'build_base': '/home/vboxuser/ros_ws/src/build/diff_drivebot', 'catkin_cmake_args': None, 'catkin_skip_building_tests': False, 'cmake_args': None, 'cmake_clean_cache': False, 'cmake_clean_first': False, 'cmake_force_configure': False, 'cmake_target': None, 'cmake_target_skip_unavailable': False, 'install_base': '/home/vboxuser/ros_ws/src/install/diff_drivebot', 'merge_install': False, 'path': '/home/vboxuser/ros_ws/src/diff_drivebot', 'symlink_install': False, 'test_result_base': None}
[0.198s] Level 5:colcon.colcon_core.verb:set package 'to_rover' build argument 'cmake_args' from command line to 'None'
[0.199s] Level 5:colcon.colcon_core.verb:set package 'to_rover' build argument 'cmake_target' from command line to 'None'
[0.199s] Level 5:colcon.colcon_core.verb:set package 'to_rover' build argument 'cmake_target_skip_unavailable' from command line to 'False'
[0.199s] Level 5:colcon.colcon_core.verb:set package 'to_rover' build argument 'cmake_clean_cache' from command line to 'False'
[0.199s] Level 5:colcon.colcon_core.verb:set package 'to_rover' build argument 'cmake_clean_first' from command line to 'False'
[0.199s] Level 5:colcon.colcon_core.verb:set package 'to_rover' build argument 'cmake_force_configure' from command line to 'False'
[0.199s] Level 5:colcon.colcon_core.verb:set package 'to_rover' build argument 'ament_cmake_args' from command line to 'None'
[0.199s] Level 5:colcon.colcon_core.verb:set package 'to_rover' build argument 'catkin_cmake_args' from command line to 'None'
[0.199s] Level 5:colcon.colcon_core.verb:set package 'to_rover' build argument 'catkin_skip_building_tests' from command line to 'False'
[0.199s] DEBUG:colcon.colcon_core.verb:Building package 'to_rover' with the following arguments: {'ament_cmake_args': None, 'build_base': '/home/vboxuser/ros_ws/src/build/to_rover', 'catkin_cmake_args': None, 'catkin_skip_building_tests': False, 'cmake_args': None, 'cmake_clean_cache': False, 'cmake_clean_first': False, 'cmake_force_configure': False, 'cmake_target': None, 'cmake_target_skip_unavailable': False, 'install_base': '/home/vboxuser/ros_ws/src/install/to_rover', 'merge_install': False, 'path': '/home/vboxuser/ros_ws/src/to_rover', 'symlink_install': False, 'test_result_base': None}
[0.199s] Level 5:colcon.colcon_core.verb:set package 'to_wheels_drive' build argument 'cmake_args' from command line to 'None'
[0.199s] Level 5:colcon.colcon_core.verb:set package 'to_wheels_drive' build argument 'cmake_target' from command line to 'None'
[0.199s] Level 5:colcon.colcon_core.verb:set package 'to_wheels_drive' build argument 'cmake_target_skip_unavailable' from command line to 'False'
[0.199s] Level 5:colcon.colcon_core.verb:set package 'to_wheels_drive' build argument 'cmake_clean_cache' from command line to 'False'
[0.199s] Level 5:colcon.colcon_core.verb:set package 'to_wheels_drive' build argument 'cmake_clean_first' from command line to 'False'
[0.199s] Level 5:colcon.colcon_core.verb:set package 'to_wheels_drive' build argument 'cmake_force_configure' from command line to 'False'
[0.199s] Level 5:colcon.colcon_core.verb:set package 'to_wheels_drive' build argument 'ament_cmake_args' from command line to 'None'
[0.199s] Level 5:colcon.colcon_core.verb:set package 'to_wheels_drive' build argument 'catkin_cmake_args' from command line to 'None'
[0.199s] Level 5:colcon.colcon_core.verb:set package 'to_wheels_drive' build argument 'catkin_skip_building_tests' from command line to 'False'
[0.199s] DEBUG:colcon.colcon_core.verb:Building package 'to_wheels_drive' with the following arguments: {'ament_cmake_args': None, 'build_base': '/home/vboxuser/ros_ws/src/build/to_wheels_drive', 'catkin_cmake_args': None, 'catkin_skip_building_tests': False, 'cmake_args': None, 'cmake_clean_cache': False, 'cmake_clean_first': False, 'cmake_force_configure': False, 'cmake_target': None, 'cmake_target_skip_unavailable': False, 'install_base': '/home/vboxuser/ros_ws/src/install/to_wheels_drive', 'merge_install': False, 'path': '/home/vboxuser/ros_ws/src/to_wheels_drive', 'symlink_install': False, 'test_result_base': None}
[0.199s] INFO:colcon.colcon_core.executor:Executing jobs using 'parallel' executor
[0.199s] DEBUG:colcon.colcon_parallel_executor.executor.parallel:run_until_complete
[0.200s] INFO:colcon.colcon_ros.task.ament_cmake.build:Building ROS package in '/home/vboxuser/ros_ws/src/diff_drivebot' with build type 'ament_cmake'
[0.200s] INFO:colcon.colcon_cmake.task.cmake.build:Building CMake package in '/home/vboxuser/ros_ws/src/diff_drivebot'
[0.201s] INFO:colcon.colcon_core.plugin_system:Skipping extension 'colcon_core.shell.bat': Not used on non-Windows systems
[0.201s] INFO:colcon.colcon_core.shell:Skip shell extension 'powershell' for command environment: Not usable outside of PowerShell
[0.201s] DEBUG:colcon.colcon_core.shell:Skip shell extension 'dsv' for command environment
[0.203s] INFO:colcon.colcon_ros.task.ament_cmake.build:Building ROS package in '/home/vboxuser/ros_ws/src/to_rover' with build type 'ament_cmake'
[0.203s] INFO:colcon.colcon_cmake.task.cmake.build:Building CMake package in '/home/vboxuser/ros_ws/src/to_rover'
[0.203s] INFO:colcon.colcon_core.shell:Skip shell extension 'powershell' for command environment: Not usable outside of PowerShell
[0.203s] DEBUG:colcon.colcon_core.shell:Skip shell extension 'dsv' for command environment
[0.205s] INFO:colcon.colcon_ros.task.ament_cmake.build:Building ROS package in '/home/vboxuser/ros_ws/src/to_wheels_drive' with build type 'ament_cmake'
[0.205s] INFO:colcon.colcon_cmake.task.cmake.build:Building CMake package in '/home/vboxuser/ros_ws/src/to_wheels_drive'
[0.205s] INFO:colcon.colcon_core.shell:Skip shell extension 'powershell' for command environment: Not usable outside of PowerShell
[0.205s] DEBUG:colcon.colcon_core.shell:Skip shell extension 'dsv' for command environment
[0.210s] DEBUG:colcon.colcon_core.event_handler.log_command:Invoking command in '/home/vboxuser/ros_ws/src/build/diff_drivebot': CMAKE_PREFIX_PATH=${CMAKE_PREFIX_PATH}:/opt/ros/humble /usr/bin/cmake /home/vboxuser/ros_ws/src/diff_drivebot -DCMAKE_INSTALL_PREFIX=/home/vboxuser/ros_ws/src/install/diff_drivebot
[0.215s] DEBUG:colcon.colcon_core.event_handler.log_command:Invoking command in '/home/vboxuser/ros_ws/src/build/to_rover': CMAKE_PREFIX_PATH=${CMAKE_PREFIX_PATH}:/opt/ros/humble /usr/bin/cmake /home/vboxuser/ros_ws/src/to_rover -DCMAKE_INSTALL_PREFIX=/home/vboxuser/ros_ws/src/install/to_rover
[0.219s] DEBUG:colcon.colcon_core.event_handler.log_command:Invoking command in '/home/vboxuser/ros_ws/src/build/to_wheels_drive': CMAKE_PREFIX_PATH=${CMAKE_PREFIX_PATH}:/opt/ros/humble /usr/bin/cmake /home/vboxuser/ros_ws/src/to_wheels_drive -DCMAKE_INSTALL_PREFIX=/home/vboxuser/ros_ws/src/install/to_wheels_drive
[0.577s] DEBUG:colcon.colcon_core.event_handler.log_command:Invoked command in '/home/vboxuser/ros_ws/src/build/to_wheels_drive' returned '0': CMAKE_PREFIX_PATH=${CMAKE_PREFIX_PATH}:/opt/ros/humble /usr/bin/cmake /home/vboxuser/ros_ws/src/to_wheels_drive -DCMAKE_INSTALL_PREFIX=/home/vboxuser/ros_ws/src/install/to_wheels_drive
[0.579s] DEBUG:colcon.colcon_core.event_handler.log_command:Invoking command in '/home/vboxuser/ros_ws/src/build/to_wheels_drive': CMAKE_PREFIX_PATH=${CMAKE_PREFIX_PATH}:/opt/ros/humble /usr/bin/cmake --build /home/vboxuser/ros_ws/src/build/to_wheels_drive -- -j14 -l14
[0.601s] DEBUG:colcon.colcon_core.event_handler.log_command:Invoked command in '/home/vboxuser/ros_ws/src/build/to_wheels_drive' returned '0': CMAKE_PREFIX_PATH=${CMAKE_PREFIX_PATH}:/opt/ros/humble /usr/bin/cmake --build /home/vboxuser/ros_ws/src/build/to_wheels_drive -- -j14 -l14
[0.607s] DEBUG:colcon.colcon_core.event_handler.log_command:Invoking command in '/home/vboxuser/ros_ws/src/build/to_wheels_drive': CMAKE_PREFIX_PATH=${CMAKE_PREFIX_PATH}:/opt/ros/humble /usr/bin/cmake --install /home/vboxuser/ros_ws/src/build/to_wheels_drive
[0.613s] Level 1:colcon.colcon_core.environment:create_environment_scripts_only(to_wheels_drive)
[0.614s] DEBUG:colcon.colcon_core.event_handler.log_command:Invoked command in '/home/vboxuser/ros_ws/src/build/to_wheels_drive' returned '0': CMAKE_PREFIX_PATH=${CMAKE_PREFIX_PATH}:/opt/ros/humble /usr/bin/cmake --install /home/vboxuser/ros_ws/src/build/to_wheels_drive
[0.615s] Level 1:colcon.colcon_core.environment:checking '/home/vboxuser/ros_ws/src/install/to_wheels_drive' for CMake module files
[0.615s] Level 1:colcon.colcon_core.environment:checking '/home/vboxuser/ros_ws/src/install/to_wheels_drive' for CMake config files
[0.616s] Level 1:colcon.colcon_core.shell:create_environment_hook('to_wheels_drive', 'cmake_prefix_path')
[0.616s] INFO:colcon.colcon_core.shell:Creating environment hook '/home/vboxuser/ros_ws/src/install/to_wheels_drive/share/to_wheels_drive/hook/cmake_prefix_path.ps1'
[0.616s] INFO:colcon.colcon_core.shell:Creating environment descriptor '/home/vboxuser/ros_ws/src/install/to_wheels_drive/share/to_wheels_drive/hook/cmake_prefix_path.dsv'
[0.616s] INFO:colcon.colcon_core.shell:Creating environment hook '/home/vboxuser/ros_ws/src/install/to_wheels_drive/share/to_wheels_drive/hook/cmake_prefix_path.sh'
[0.617s] Level 1:colcon.colcon_core.environment:checking '/home/vboxuser/ros_ws/src/install/to_wheels_drive/bin'
[0.617s] Level 1:colcon.colcon_core.environment:checking '/home/vboxuser/ros_ws/src/install/to_wheels_drive/lib/pkgconfig/to_wheels_drive.pc'
[0.617s] Level 1:colcon.colcon_core.environment:checking '/home/vboxuser/ros_ws/src/install/to_wheels_drive/lib/python3.10/site-packages'
[0.617s] Level 1:colcon.colcon_core.environment:checking '/home/vboxuser/ros_ws/src/install/to_wheels_drive/bin'
[0.617s] INFO:colcon.colcon_core.shell:Creating package script '/home/vboxuser/ros_ws/src/install/to_wheels_drive/share/to_wheels_drive/package.ps1'
[0.618s] INFO:colcon.colcon_core.shell:Creating package descriptor '/home/vboxuser/ros_ws/src/install/to_wheels_drive/share/to_wheels_drive/package.dsv'
[0.618s] INFO:colcon.colcon_core.shell:Creating package script '/home/vboxuser/ros_ws/src/install/to_wheels_drive/share/to_wheels_drive/package.sh'
[0.618s] INFO:colcon.colcon_core.shell:Creating package script '/home/vboxuser/ros_ws/src/install/to_wheels_drive/share/to_wheels_drive/package.bash'
[0.619s] INFO:colcon.colcon_core.shell:Creating package script '/home/vboxuser/ros_ws/src/install/to_wheels_drive/share/to_wheels_drive/package.zsh'
[0.619s] Level 1:colcon.colcon_core.environment:create_file_with_runtime_dependencies(/home/vboxuser/ros_ws/src/install/to_wheels_drive/share/colcon-core/packages/to_wheels_drive)
[0.619s] Level 1:colcon.colcon_core.environment:create_environment_scripts_only(to_wheels_drive)
[0.620s] Level 1:colcon.colcon_core.environment:checking '/home/vboxuser/ros_ws/src/install/to_wheels_drive' for CMake module files
[0.620s] Level 1:colcon.colcon_core.environment:checking '/home/vboxuser/ros_ws/src/install/to_wheels_drive' for CMake config files
[0.620s] Level 1:colcon.colcon_core.shell:create_environment_hook('to_wheels_drive', 'cmake_prefix_path')
[0.620s] INFO:colcon.colcon_core.shell:Creating environment hook '/home/vboxuser/ros_ws/src/install/to_wheels_drive/share/to_wheels_drive/hook/cmake_prefix_path.ps1'
[0.620s] INFO:colcon.colcon_core.shell:Creating environment descriptor '/home/vboxuser/ros_ws/src/install/to_wheels_drive/share/to_wheels_drive/hook/cmake_prefix_path.dsv'
[0.620s] INFO:colcon.colcon_core.shell:Creating environment hook '/home/vboxuser/ros_ws/src/install/to_wheels_drive/share/to_wheels_drive/hook/cmake_prefix_path.sh'
[0.621s] Level 1:colcon.colcon_core.environment:checking '/home/vboxuser/ros_ws/src/install/to_wheels_drive/bin'
[0.621s] Level 1:colcon.colcon_core.environment:checking '/home/vboxuser/ros_ws/src/install/to_wheels_drive/lib/pkgconfig/to_wheels_drive.pc'
[0.621s] Level 1:colcon.colcon_core.environment:checking '/home/vboxuser/ros_ws/src/install/to_wheels_drive/lib/python3.10/site-packages'
[0.621s] Level 1:colcon.colcon_core.environment:checking '/home/vboxuser/ros_ws/src/install/to_wheels_drive/bin'
[0.621s] INFO:colcon.colcon_core.shell:Creating package script '/home/vboxuser/ros_ws/src/install/to_wheels_drive/share/to_wheels_drive/package.ps1'
[0.621s] INFO:colcon.colcon_core.shell:Creating package descriptor '/home/vboxuser/ros_ws/src/install/to_wheels_drive/share/to_wheels_drive/package.dsv'
[0.622s] INFO:colcon.colcon_core.shell:Creating package script '/home/vboxuser/ros_ws/src/install/to_wheels_drive/share/to_wheels_drive/package.sh'
[0.622s] INFO:colcon.colcon_core.shell:Creating package script '/home/vboxuser/ros_ws/src/install/to_wheels_drive/share/to_wheels_drive/package.bash'
[0.622s] INFO:colcon.colcon_core.shell:Creating package script '/home/vboxuser/ros_ws/src/install/to_wheels_drive/share/to_wheels_drive/package.zsh'
[0.622s] Level 1:colcon.colcon_core.environment:create_file_with_runtime_dependencies(/home/vboxuser/ros_ws/src/install/to_wheels_drive/share/colcon-core/packages/to_wheels_drive)
[0.642s] DEBUG:colcon.colcon_core.event_handler.log_command:Invoked command in '/home/vboxuser/ros_ws/src/build/diff_drivebot' returned '0': CMAKE_PREFIX_PATH=${CMAKE_PREFIX_PATH}:/opt/ros/humble /usr/bin/cmake /home/vboxuser/ros_ws/src/diff_drivebot -DCMAKE_INSTALL_PREFIX=/home/vboxuser/ros_ws/src/install/diff_drivebot
[0.643s] DEBUG:colcon.colcon_core.event_handler.log_command:Invoking command in '/home/vboxuser/ros_ws/src/build/diff_drivebot': CMAKE_PREFIX_PATH=${CMAKE_PREFIX_PATH}:/opt/ros/humble /usr/bin/cmake --build /home/vboxuser/ros_ws/src/build/diff_drivebot -- -j14 -l14
[0.666s] DEBUG:colcon.colcon_core.event_handler.log_command:Invoked command in '/home/vboxuser/ros_ws/src/build/diff_drivebot' returned '0': CMAKE_PREFIX_PATH=${CMAKE_PREFIX_PATH}:/opt/ros/humble /usr/bin/cmake --build /home/vboxuser/ros_ws/src/build/diff_drivebot -- -j14 -l14
[0.668s] DEBUG:colcon.colcon_core.event_handler.log_command:Invoking command in '/home/vboxuser/ros_ws/src/build/diff_drivebot': CMAKE_PREFIX_PATH=${CMAKE_PREFIX_PATH}:/opt/ros/humble /usr/bin/cmake --install /home/vboxuser/ros_ws/src/build/diff_drivebot
[0.679s] DEBUG:colcon.colcon_core.event_handler.log_command:Invoked command in '/home/vboxuser/ros_ws/src/build/to_rover' returned '0': CMAKE_PREFIX_PATH=${CMAKE_PREFIX_PATH}:/opt/ros/humble /usr/bin/cmake /home/vboxuser/ros_ws/src/to_rover -DCMAKE_INSTALL_PREFIX=/home/vboxuser/ros_ws/src/install/to_rover
[0.681s] DEBUG:colcon.colcon_core.event_handler.log_command:Invoking command in '/home/vboxuser/ros_ws/src/build/to_rover': CMAKE_PREFIX_PATH=${CMAKE_PREFIX_PATH}:/opt/ros/humble /usr/bin/cmake --build /home/vboxuser/ros_ws/src/build/to_rover -- -j14 -l14
[0.688s] Level 1:colcon.colcon_core.environment:create_environment_scripts_only(diff_drivebot)
[0.688s] Level 1:colcon.colcon_core.environment:checking '/home/vboxuser/ros_ws/src/install/diff_drivebot' for CMake module files
[0.688s] DEBUG:colcon.colcon_core.event_handler.log_command:Invoked command in '/home/vboxuser/ros_ws/src/build/diff_drivebot' returned '0': CMAKE_PREFIX_PATH=${CMAKE_PREFIX_PATH}:/opt/ros/humble /usr/bin/cmake --install /home/vboxuser/ros_ws/src/build/diff_drivebot
[0.688s] Level 1:colcon.colcon_core.environment:checking '/home/vboxuser/ros_ws/src/install/diff_drivebot' for CMake config files
[0.689s] Level 1:colcon.colcon_core.shell:create_environment_hook('diff_drivebot', 'cmake_prefix_path')
[0.689s] INFO:colcon.colcon_core.shell:Creating environment hook '/home/vboxuser/ros_ws/src/install/diff_drivebot/share/diff_drivebot/hook/cmake_prefix_path.ps1'
[0.690s] INFO:colcon.colcon_core.shell:Creating environment descriptor '/home/vboxuser/ros_ws/src/install/diff_drivebot/share/diff_drivebot/hook/cmake_prefix_path.dsv'
[0.690s] INFO:colcon.colcon_core.shell:Creating environment hook '/home/vboxuser/ros_ws/src/install/diff_drivebot/share/diff_drivebot/hook/cmake_prefix_path.sh'
[0.690s] Level 1:colcon.colcon_core.environment:checking '/home/vboxuser/ros_ws/src/install/diff_drivebot/bin'
[0.690s] Level 1:colcon.colcon_core.environment:checking '/home/vboxuser/ros_ws/src/install/diff_drivebot/lib/pkgconfig/diff_drivebot.pc'
[0.690s] Level 1:colcon.colcon_core.environment:checking '/home/vboxuser/ros_ws/src/install/diff_drivebot/lib/python3.10/site-packages'
[0.690s] Level 1:colcon.colcon_core.environment:checking '/home/vboxuser/ros_ws/src/install/diff_drivebot/bin'
[0.691s] INFO:colcon.colcon_core.shell:Creating package script '/home/vboxuser/ros_ws/src/install/diff_drivebot/share/diff_drivebot/package.ps1'
[0.691s] INFO:colcon.colcon_core.shell:Creating package descriptor '/home/vboxuser/ros_ws/src/install/diff_drivebot/share/diff_drivebot/package.dsv'
[0.691s] INFO:colcon.colcon_core.shell:Creating package script '/home/vboxuser/ros_ws/src/install/diff_drivebot/share/diff_drivebot/package.sh'
[0.691s] INFO:colcon.colcon_core.shell:Creating package script '/home/vboxuser/ros_ws/src/install/diff_drivebot/share/diff_drivebot/package.bash'
[0.692s] INFO:colcon.colcon_core.shell:Creating package script '/home/vboxuser/ros_ws/src/install/diff_drivebot/share/diff_drivebot/package.zsh'
[0.692s] Level 1:colcon.colcon_core.environment:create_file_with_runtime_dependencies(/home/vboxuser/ros_ws/src/install/diff_drivebot/share/colcon-core/packages/diff_drivebot)
[0.692s] Level 1:colcon.colcon_core.environment:create_environment_scripts_only(diff_drivebot)
[0.692s] Level 1:colcon.colcon_core.environment:checking '/home/vboxuser/ros_ws/src/install/diff_drivebot' for CMake module files
[0.693s] Level 1:colcon.colcon_core.environment:checking '/home/vboxuser/ros_ws/src/install/diff_drivebot' for CMake config files
[0.693s] Level 1:colcon.colcon_core.shell:create_environment_hook('diff_drivebot', 'cmake_prefix_path')
[0.693s] INFO:colcon.colcon_core.shell:Creating environment hook '/home/vboxuser/ros_ws/src/install/diff_drivebot/share/diff_drivebot/hook/cmake_prefix_path.ps1'
[0.693s] INFO:colcon.colcon_core.shell:Creating environment descriptor '/home/vboxuser/ros_ws/src/install/diff_drivebot/share/diff_drivebot/hook/cmake_prefix_path.dsv'
[0.693s] INFO:colcon.colcon_core.shell:Creating environment hook '/home/vboxuser/ros_ws/src/install/diff_drivebot/share/diff_drivebot/hook/cmake_prefix_path.sh'
[0.694s] Level 1:colcon.colcon_core.environment:checking '/home/vboxuser/ros_ws/src/install/diff_drivebot/bin'
[0.694s] Level 1:colcon.colcon_core.environment:checking '/home/vboxuser/ros_ws/src/install/diff_drivebot/lib/pkgconfig/diff_drivebot.pc'
[0.694s] Level 1:colcon.colcon_core.environment:checking '/home/vboxuser/ros_ws/src/install/diff_drivebot/lib/python3.10/site-packages'
[0.694s] Level 1:colcon.colcon_core.environment:checking '/home/vboxuser/ros_ws/src/install/diff_drivebot/bin'
[0.694s] INFO:colcon.colcon_core.shell:Creating package script '/home/vboxuser/ros_ws/src/install/diff_drivebot/share/diff_drivebot/package.ps1'
[0.694s] INFO:colcon.colcon_core.shell:Creating package descriptor '/home/vboxuser/ros_ws/src/install/diff_drivebot/share/diff_drivebot/package.dsv'
[0.695s] INFO:colcon.colcon_core.shell:Creating package script '/home/vboxuser/ros_ws/src/install/diff_drivebot/share/diff_drivebot/package.sh'
[0.695s] INFO:colcon.colcon_core.shell:Creating package script '/home/vboxuser/ros_ws/src/install/diff_drivebot/share/diff_drivebot/package.bash'
[0.695s] INFO:colcon.colcon_core.shell:Creating package script '/home/vboxuser/ros_ws/src/install/diff_drivebot/share/diff_drivebot/package.zsh'
[0.695s] Level 1:colcon.colcon_core.environment:create_file_with_runtime_dependencies(/home/vboxuser/ros_ws/src/install/diff_drivebot/share/colcon-core/packages/diff_drivebot)
[0.703s] DEBUG:colcon.colcon_core.event_handler.log_command:Invoked command in '/home/vboxuser/ros_ws/src/build/to_rover' returned '0': CMAKE_PREFIX_PATH=${CMAKE_PREFIX_PATH}:/opt/ros/humble /usr/bin/cmake --build /home/vboxuser/ros_ws/src/build/to_rover -- -j14 -l14
[0.704s] DEBUG:colcon.colcon_core.event_handler.log_command:Invoking command in '/home/vboxuser/ros_ws/src/build/to_rover': CMAKE_PREFIX_PATH=${CMAKE_PREFIX_PATH}:/opt/ros/humble /usr/bin/cmake --install /home/vboxuser/ros_ws/src/build/to_rover
[0.736s] Level 1:colcon.colcon_core.environment:create_environment_scripts_only(to_rover)
[0.736s] Level 1:colcon.colcon_core.environment:checking '/home/vboxuser/ros_ws/src/install/to_rover' for CMake module files
[0.736s] DEBUG:colcon.colcon_core.event_handler.log_command:Invoked command in '/home/vboxuser/ros_ws/src/build/to_rover' returned '0': CMAKE_PREFIX_PATH=${CMAKE_PREFIX_PATH}:/opt/ros/humble /usr/bin/cmake --install /home/vboxuser/ros_ws/src/build/to_rover
[0.736s] Level 1:colcon.colcon_core.environment:checking '/home/vboxuser/ros_ws/src/install/to_rover' for CMake config files
[0.737s] Level 1:colcon.colcon_core.shell:create_environment_hook('to_rover', 'cmake_prefix_path')
[0.737s] INFO:colcon.colcon_core.shell:Creating environment hook '/home/vboxuser/ros_ws/src/install/to_rover/share/to_rover/hook/cmake_prefix_path.ps1'
[0.737s] INFO:colcon.colcon_core.shell:Creating environment descriptor '/home/vboxuser/ros_ws/src/install/to_rover/share/to_rover/hook/cmake_prefix_path.dsv'
[0.737s] INFO:colcon.colcon_core.shell:Creating environment hook '/home/vboxuser/ros_ws/src/install/to_rover/share/to_rover/hook/cmake_prefix_path.sh'
[0.738s] Level 1:colcon.colcon_core.environment:checking '/home/vboxuser/ros_ws/src/install/to_rover/bin'
[0.738s] Level 1:colcon.colcon_core.environment:checking '/home/vboxuser/ros_ws/src/install/to_rover/lib/pkgconfig/to_rover.pc'
[0.738s] Level 1:colcon.colcon_core.environment:checking '/home/vboxuser/ros_ws/src/install/to_rover/lib/python3.10/site-packages'
[0.738s] Level 1:colcon.colcon_core.environment:checking '/home/vboxuser/ros_ws/src/install/to_rover/bin'
[0.738s] INFO:colcon.colcon_core.shell:Creating package script '/home/vboxuser/ros_ws/src/install/to_rover/share/to_rover/package.ps1'
[0.738s] INFO:colcon.colcon_core.shell:Creating package descriptor '/home/vboxuser/ros_ws/src/install/to_rover/share/to_rover/package.dsv'
[0.739s] INFO:colcon.colcon_core.shell:Creating package script '/home/vboxuser/ros_ws/src/install/to_rover/share/to_rover/package.sh'
[0.739s] INFO:colcon.colcon_core.shell:Creating package script '/home/vboxuser/ros_ws/src/install/to_rover/share/to_rover/package.bash'
[0.739s] INFO:colcon.colcon_core.shell:Creating package script '/home/vboxuser/ros_ws/src/install/to_rover/share/to_rover/package.zsh'
[0.739s] Level 1:colcon.colcon_core.environment:create_file_with_runtime_dependencies(/home/vboxuser/ros_ws/src/install/to_rover/share/colcon-core/packages/to_rover)
[0.740s] Level 1:colcon.colcon_core.environment:create_environment_scripts_only(to_rover)
[0.740s] Level 1:colcon.colcon_core.environment:checking '/home/vboxuser/ros_ws/src/install/to_rover' for CMake module files
[0.740s] Level 1:colcon.colcon_core.environment:checking '/home/vboxuser/ros_ws/src/install/to_rover' for CMake config files
[0.740s] Level 1:colcon.colcon_core.shell:create_environment_hook('to_rover', 'cmake_prefix_path')
[0.740s] INFO:colcon.colcon_core.shell:Creating environment hook '/home/vboxuser/ros_ws/src/install/to_rover/share/to_rover/hook/cmake_prefix_path.ps1'
[0.741s] INFO:colcon.colcon_core.shell:Creating environment descriptor '/home/vboxuser/ros_ws/src/install/to_rover/share/to_rover/hook/cmake_prefix_path.dsv'
[0.741s] INFO:colcon.colcon_core.shell:Creating environment hook '/home/vboxuser/ros_ws/src/install/to_rover/share/to_rover/hook/cmake_prefix_path.sh'
[0.741s] Level 1:colcon.colcon_core.environment:checking '/home/vboxuser/ros_ws/src/install/to_rover/bin'
[0.741s] Level 1:colcon.colcon_core.environment:checking '/home/vboxuser/ros_ws/src/install/to_rover/lib/pkgconfig/to_rover.pc'
[0.741s] Level 1:colcon.colcon_core.environment:checking '/home/vboxuser/ros_ws/src/install/to_rover/lib/python3.10/site-packages'
[0.742s] Level 1:colcon.colcon_core.environment:checking '/home/vboxuser/ros_ws/src/install/to_rover/bin'
[0.742s] INFO:colcon.colcon_core.shell:Creating package script '/home/vboxuser/ros_ws/src/install/to_rover/share/to_rover/package.ps1'
[0.742s] INFO:colcon.colcon_core.shell:Creating package descriptor '/home/vboxuser/ros_ws/src/install/to_rover/share/to_rover/package.dsv'
[0.742s] INFO:colcon.colcon_core.shell:Creating package script '/home/vboxuser/ros_ws/src/install/to_rover/share/to_rover/package.sh'
[0.742s] INFO:colcon.colcon_core.shell:Creating package script '/home/vboxuser/ros_ws/src/install/to_rover/share/to_rover/package.bash'
[0.743s] INFO:colcon.colcon_core.shell:Creating package script '/home/vboxuser/ros_ws/src/install/to_rover/share/to_rover/package.zsh'
[0.743s] Level 1:colcon.colcon_core.environment:create_file_with_runtime_dependencies(/home/vboxuser/ros_ws/src/install/to_rover/share/colcon-core/packages/to_rover)
[0.743s] DEBUG:colcon.colcon_parallel_executor.executor.parallel:closing loop
[0.744s] DEBUG:colcon.colcon_parallel_executor.executor.parallel:loop closed
[0.744s] DEBUG:colcon.colcon_parallel_executor.executor.parallel:run_until_complete finished with '0'
[0.744s] DEBUG:colcon.colcon_core.event_reactor:joining thread
[0.747s] INFO:colcon.colcon_core.plugin_system:Skipping extension 'colcon_notification.desktop_notification.terminal_notifier': Not used on non-Darwin systems
[0.747s] INFO:colcon.colcon_core.plugin_system:Skipping extension 'colcon_notification.desktop_notification.win32': Not used on non-Windows systems
[0.747s] INFO:colcon.colcon_notification.desktop_notification:Sending desktop notification using 'notify2'
[0.755s] DEBUG:colcon.colcon_core.event_reactor:joined thread
[0.755s] INFO:colcon.colcon_core.shell:Creating prefix script '/home/vboxuser/ros_ws/src/install/local_setup.ps1'
[0.756s] INFO:colcon.colcon_core.shell:Creating prefix util module '/home/vboxuser/ros_ws/src/install/_local_setup_util_ps1.py'
[0.756s] INFO:colcon.colcon_core.shell:Creating prefix chain script '/home/vboxuser/ros_ws/src/install/setup.ps1'
[0.757s] INFO:colcon.colcon_core.shell:Creating prefix script '/home/vboxuser/ros_ws/src/install/local_setup.sh'
[0.757s] INFO:colcon.colcon_core.shell:Creating prefix util module '/home/vboxuser/ros_ws/src/install/_local_setup_util_sh.py'
[0.758s] INFO:colcon.colcon_core.shell:Creating prefix chain script '/home/vboxuser/ros_ws/src/install/setup.sh'
[0.758s] INFO:colcon.colcon_core.shell:Creating prefix script '/home/vboxuser/ros_ws/src/install/local_setup.bash'
[0.758s] INFO:colcon.colcon_core.shell:Creating prefix chain script '/home/vboxuser/ros_ws/src/install/setup.bash'
[0.759s] INFO:colcon.colcon_core.shell:Creating prefix script '/home/vboxuser/ros_ws/src/install/local_setup.zsh'
[0.759s] INFO:colcon.colcon_core.shell:Creating prefix chain script '/home/vboxuser/ros_ws/src/install/setup.zsh'
