-- Found ament_cmake: 1.3.12 (/opt/ros/humble/share/ament_cmake/cmake)
-- Override CMake install command with custom implementation using symlinks instead of copying resources
-- Found rclcpp: 16.0.15 (/opt/ros/humble/share/rclcpp/cmake)
-- Found rosidl_generator_c: 3.1.7 (/opt/ros/humble/share/rosidl_generator_c/cmake)
-- Found rosidl_adapter: 3.1.7 (/opt/ros/humble/share/rosidl_adapter/cmake)
-- Found rosidl_generator_cpp: 3.1.7 (/opt/ros/humble/share/rosidl_generator_cpp/cmake)
-- Using all available rosidl_typesupport_c: rosidl_typesupport_fastrtps_c;rosidl_typesupport_introspection_c
-- Using all available rosidl_typesupport_cpp: rosidl_typesupport_fastrtps_cpp;rosidl_typesupport_introspection_cpp
-- Found rmw_implementation_cmake: 6.1.2 (/opt/ros/humble/share/rmw_implementation_cmake/cmake)
-- Found rmw_fastrtps_cpp: 6.2.9 (/opt/ros/humble/share/rmw_fastrtps_cpp/cmake)
-- Using RMW implementation 'rmw_fastrtps_cpp' as default
-- Found control_msgs: 4.8.0 (/opt/ros/humble/share/control_msgs/cmake)
-- Found control_toolbox: 3.6.2 (/opt/ros/humble/share/control_toolbox/cmake)
-- Found ros_gz: 0.244.20 (/opt/ros/humble/share/ros_gz/cmake)
-- Found ackermann_steering_controller: 2.50.1 (/opt/ros/humble/share/ackermann_steering_controller/cmake)
-- Found eigen3_cmake_module: 0.1.1 (/opt/ros/humble/share/eigen3_cmake_module/cmake)
-- Ensuring Eigen3 include directory is part of orocos-kdl CMake target
-- Found joint_state_broadcaster: 2.50.1 (/opt/ros/humble/share/joint_state_broadcaster/cmake)
-- Found ament_lint_auto: 0.12.14 (/opt/ros/humble/share/ament_lint_auto/cmake)
-- Added test 'cppcheck' to perform static code analysis on C / C++ code
-- Configured cppcheck include dirs: 
-- Configured cppcheck exclude dirs and/or files: 
-- Added test 'flake8' to check Python code syntax and style conventions
-- Added test 'lint_cmake' to check CMake code style
-- Added test 'pep257' to check Python code against some of the docstring style conventions in PEP 257
-- Added test 'uncrustify' to check C / C++ code style
-- Configured uncrustify additional arguments: 
-- Added test 'xmllint' to check XML markup files
-- Configuring done
-- Generating done
-- Build files have been written to: /home/vboxuser/ros_ws/src/build/to_rover
-- Install configuration: ""
-- Execute custom install script
-- Up-to-date symlink: /home/vboxuser/ros_ws/src/install/to_rover/share/to_rover//launch/display.launch
-- Up-to-date symlink: /home/vboxuser/ros_ws/src/install/to_rover/share/to_rover//launch/view_to.launch.py
-- Symlinking: /home/vboxuser/ros_ws/src/install/to_rover/share/to_rover//urdf/TO_URDF_1.1.csv
-- Symlinking: /home/vboxuser/ros_ws/src/install/to_rover/share/to_rover//urdf/TO_URDF_1.1.urdf
-- Symlinking: /home/vboxuser/ros_ws/src/install/to_rover/share/to_rover//urdf/TO_URDF_joint_limited_robot.urdf
-- Up-to-date symlink: /home/vboxuser/ros_ws/src/install/to_rover/share/to_rover//urdf/to.gazebo.xacro
-- Up-to-date symlink: /home/vboxuser/ros_ws/src/install/to_rover/share/to_rover//urdf/to.transmission.xacro
-- Up-to-date symlink: /home/vboxuser/ros_ws/src/install/to_rover/share/to_rover//urdf/to_rover.urdf
-- Up-to-date symlink: /home/vboxuser/ros_ws/src/install/to_rover/share/to_rover//urdf/to_rover.urdf.xacro
-- Up-to-date symlink: /home/vboxuser/ros_ws/src/install/to_rover/share/to_rover//meshes/collision/LFS.STL
-- Up-to-date symlink: /home/vboxuser/ros_ws/src/install/to_rover/share/to_rover//meshes/collision/LFW.STL
-- Up-to-date symlink: /home/vboxuser/ros_ws/src/install/to_rover/share/to_rover//meshes/collision/LRS.STL
-- Up-to-date symlink: /home/vboxuser/ros_ws/src/install/to_rover/share/to_rover//meshes/collision/LRW.STL
-- Up-to-date symlink: /home/vboxuser/ros_ws/src/install/to_rover/share/to_rover//meshes/collision/RFS.STL
-- Up-to-date symlink: /home/vboxuser/ros_ws/src/install/to_rover/share/to_rover//meshes/collision/RFW.STL
-- Up-to-date symlink: /home/vboxuser/ros_ws/src/install/to_rover/share/to_rover//meshes/collision/RRS.STL
-- Up-to-date symlink: /home/vboxuser/ros_ws/src/install/to_rover/share/to_rover//meshes/collision/RRW.STL
-- Up-to-date symlink: /home/vboxuser/ros_ws/src/install/to_rover/share/to_rover//meshes/collision/base_link.STL
-- Up-to-date symlink: /home/vboxuser/ros_ws/src/install/to_rover/share/to_rover//meshes/visual/LFS.dae
-- Up-to-date symlink: /home/vboxuser/ros_ws/src/install/to_rover/share/to_rover//meshes/visual/LFW.dae
-- Up-to-date symlink: /home/vboxuser/ros_ws/src/install/to_rover/share/to_rover//meshes/visual/LRS.dae
-- Up-to-date symlink: /home/vboxuser/ros_ws/src/install/to_rover/share/to_rover//meshes/visual/LRW.dae
-- Up-to-date symlink: /home/vboxuser/ros_ws/src/install/to_rover/share/to_rover//meshes/visual/RFS.dae
-- Up-to-date symlink: /home/vboxuser/ros_ws/src/install/to_rover/share/to_rover//meshes/visual/RFW.dae
-- Up-to-date symlink: /home/vboxuser/ros_ws/src/install/to_rover/share/to_rover//meshes/visual/RRS.dae
-- Up-to-date symlink: /home/vboxuser/ros_ws/src/install/to_rover/share/to_rover//meshes/visual/RRW.dae
-- Up-to-date symlink: /home/vboxuser/ros_ws/src/install/to_rover/share/to_rover//meshes/visual/base_link.dae
-- Up-to-date symlink: /home/vboxuser/ros_ws/src/install/to_rover/share/to_rover//src/Wheel_control.cpp
-- Up-to-date symlink: /home/vboxuser/ros_ws/src/install/to_rover/share/to_rover//config/joint_names_to_rover.yaml
-- Up-to-date symlink: /home/vboxuser/ros_ws/src/install/to_rover/share/to_rover//config/to_control_manager.yaml
-- Up-to-date symlink: /home/vboxuser/ros_ws/src/install/to_rover/share/ament_index/resource_index/package_run_dependencies/to_rover
-- Up-to-date symlink: /home/vboxuser/ros_ws/src/install/to_rover/share/ament_index/resource_index/parent_prefix_path/to_rover
-- Up-to-date symlink: /home/vboxuser/ros_ws/src/install/to_rover/share/to_rover/environment/ament_prefix_path.sh
-- Up-to-date symlink: /home/vboxuser/ros_ws/src/install/to_rover/share/to_rover/environment/ament_prefix_path.dsv
-- Up-to-date symlink: /home/vboxuser/ros_ws/src/install/to_rover/share/to_rover/environment/path.sh
-- Up-to-date symlink: /home/vboxuser/ros_ws/src/install/to_rover/share/to_rover/environment/path.dsv
-- Up-to-date symlink: /home/vboxuser/ros_ws/src/install/to_rover/share/to_rover/local_setup.bash
-- Up-to-date symlink: /home/vboxuser/ros_ws/src/install/to_rover/share/to_rover/local_setup.sh
-- Up-to-date symlink: /home/vboxuser/ros_ws/src/install/to_rover/share/to_rover/local_setup.zsh
-- Up-to-date symlink: /home/vboxuser/ros_ws/src/install/to_rover/share/to_rover/local_setup.dsv
-- Symlinking: /home/vboxuser/ros_ws/src/install/to_rover/share/to_rover/package.dsv
-- Up-to-date symlink: /home/vboxuser/ros_ws/src/install/to_rover/share/ament_index/resource_index/packages/to_rover
-- Up-to-date symlink: /home/vboxuser/ros_ws/src/install/to_rover/share/to_rover/cmake/ament_cmake_export_dependencies-extras.cmake
-- Up-to-date symlink: /home/vboxuser/ros_ws/src/install/to_rover/share/to_rover/cmake/to_roverConfig.cmake
-- Up-to-date symlink: /home/vboxuser/ros_ws/src/install/to_rover/share/to_rover/cmake/to_roverConfig-version.cmake
-- Up-to-date symlink: /home/vboxuser/ros_ws/src/install/to_rover/share/to_rover/package.xml
