[0.061s] DEBUG:colcon:Command line arguments: ['/usr/bin/colcon', 'build', '--symlink-install']
[0.061s] DEBUG:colcon:Parsed command line arguments: Namespace(log_base=None, log_level=None, verb_name='build', build_base='build', install_base='install', merge_install=False, symlink_install=True, test_result_base=None, continue_on_error=False, executor='parallel', parallel_workers=14, event_handlers=None, ignore_user_meta=False, metas=['./colcon.meta'], base_paths=['.'], packages_ignore=None, packages_ignore_regex=None, paths=None, packages_up_to=None, packages_up_to_regex=None, packages_above=None, packages_above_and_dependencies=None, packages_above_depth=None, packages_select_by_dep=None, packages_skip_by_dep=None, packages_skip_up_to=None, packages_select_build_failed=False, packages_skip_build_finished=False, packages_select_test_failures=False, packages_skip_test_passed=False, packages_select=None, packages_skip=None, packages_select_regex=None, packages_skip_regex=None, packages_start=None, packages_end=None, allow_overriding=[], cmake_args=None, cmake_target=None, cmake_target_skip_unavailable=False, cmake_clean_cache=False, cmake_clean_first=False, cmake_force_configure=False, ament_cmake_args=None, catkin_cmake_args=None, catkin_skip_building_tests=False, mixin_files=None, mixin=None, verb_parser=<colcon_mixin.mixin.mixin_argument.MixinArgumentDecorator object at 0x7ac41f6f5e40>, verb_extension=<colcon_core.verb.build.BuildVerb object at 0x7ac41f6f5480>, main=<bound method BuildVerb.main of <colcon_core.verb.build.BuildVerb object at 0x7ac41f6f5480>>, mixin_verb=('build',))
[0.146s] Level 1:colcon.colcon_core.package_discovery:discover_packages(colcon_meta) check parameters
[0.146s] Level 1:colcon.colcon_core.package_discovery:discover_packages(recursive) check parameters
[0.146s] Level 1:colcon.colcon_core.package_discovery:discover_packages(ignore) check parameters
[0.146s] Level 1:colcon.colcon_core.package_discovery:discover_packages(path) check parameters
[0.146s] Level 1:colcon.colcon_core.package_discovery:discover_packages(colcon_meta) discover
[0.146s] Level 1:colcon.colcon_core.package_discovery:discover_packages(recursive) discover
[0.146s] INFO:colcon.colcon_core.package_discovery:Crawling recursively for packages in '/home/vboxuser/ros_ws'
[0.146s] Level 1:colcon.colcon_core.package_identification:_identify(.) by extensions ['ignore', 'ignore_ament_install']
[0.146s] Level 1:colcon.colcon_core.package_identification:_identify(.) by extension 'ignore'
[0.146s] Level 1:colcon.colcon_core.package_identification:_identify(.) by extension 'ignore_ament_install'
[0.146s] Level 1:colcon.colcon_core.package_identification:_identify(.) by extensions ['colcon_pkg']
[0.146s] Level 1:colcon.colcon_core.package_identification:_identify(.) by extension 'colcon_pkg'
[0.146s] Level 1:colcon.colcon_core.package_identification:_identify(.) by extensions ['colcon_meta']
[0.146s] Level 1:colcon.colcon_core.package_identification:_identify(.) by extension 'colcon_meta'
[0.146s] Level 1:colcon.colcon_core.package_identification:_identify(.) by extensions ['ros']
[0.146s] Level 1:colcon.colcon_core.package_identification:_identify(.) by extension 'ros'
[0.152s] Level 1:colcon.colcon_core.package_identification:_identify(.) by extensions ['cmake', 'python']
[0.152s] Level 1:colcon.colcon_core.package_identification:_identify(.) by extension 'cmake'
[0.152s] Level 1:colcon.colcon_core.package_identification:_identify(.) by extension 'python'
[0.152s] Level 1:colcon.colcon_core.package_identification:_identify(.) by extensions ['python_setup_py']
[0.153s] Level 1:colcon.colcon_core.package_identification:_identify(.) by extension 'python_setup_py'
[0.153s] Level 1:colcon.colcon_core.package_identification:_identify(build) by extensions ['ignore', 'ignore_ament_install']
[0.153s] Level 1:colcon.colcon_core.package_identification:_identify(build) by extension 'ignore'
[0.153s] Level 1:colcon.colcon_core.package_identification:_identify(build) ignored
[0.153s] Level 1:colcon.colcon_core.package_identification:_identify(install) by extensions ['ignore', 'ignore_ament_install']
[0.153s] Level 1:colcon.colcon_core.package_identification:_identify(install) by extension 'ignore'
[0.153s] Level 1:colcon.colcon_core.package_identification:_identify(install) ignored
[0.153s] Level 1:colcon.colcon_core.package_identification:_identify(log) by extensions ['ignore', 'ignore_ament_install']
[0.153s] Level 1:colcon.colcon_core.package_identification:_identify(log) by extension 'ignore'
[0.153s] Level 1:colcon.colcon_core.package_identification:_identify(log) ignored
[0.153s] Level 1:colcon.colcon_core.package_identification:_identify(src) by extensions ['ignore', 'ignore_ament_install']
[0.153s] Level 1:colcon.colcon_core.package_identification:_identify(src) by extension 'ignore'
[0.153s] Level 1:colcon.colcon_core.package_identification:_identify(src) by extension 'ignore_ament_install'
[0.153s] Level 1:colcon.colcon_core.package_identification:_identify(src) by extensions ['colcon_pkg']
[0.153s] Level 1:colcon.colcon_core.package_identification:_identify(src) by extension 'colcon_pkg'
[0.153s] Level 1:colcon.colcon_core.package_identification:_identify(src) by extensions ['colcon_meta']
[0.153s] Level 1:colcon.colcon_core.package_identification:_identify(src) by extension 'colcon_meta'
[0.153s] Level 1:colcon.colcon_core.package_identification:_identify(src) by extensions ['ros']
[0.153s] Level 1:colcon.colcon_core.package_identification:_identify(src) by extension 'ros'
[0.153s] Level 1:colcon.colcon_core.package_identification:_identify(src) by extensions ['cmake', 'python']
[0.153s] Level 1:colcon.colcon_core.package_identification:_identify(src) by extension 'cmake'
[0.153s] Level 1:colcon.colcon_core.package_identification:_identify(src) by extension 'python'
[0.153s] Level 1:colcon.colcon_core.package_identification:_identify(src) by extensions ['python_setup_py']
[0.153s] Level 1:colcon.colcon_core.package_identification:_identify(src) by extension 'python_setup_py'
[0.153s] Level 1:colcon.colcon_core.package_identification:_identify(src/build) by extensions ['ignore', 'ignore_ament_install']
[0.154s] Level 1:colcon.colcon_core.package_identification:_identify(src/build) by extension 'ignore'
[0.154s] Level 1:colcon.colcon_core.package_identification:_identify(src/build) ignored
[0.154s] Level 1:colcon.colcon_core.package_identification:_identify(src/diff_drivebot) by extensions ['ignore', 'ignore_ament_install']
[0.154s] Level 1:colcon.colcon_core.package_identification:_identify(src/diff_drivebot) by extension 'ignore'
[0.154s] Level 1:colcon.colcon_core.package_identification:_identify(src/diff_drivebot) by extension 'ignore_ament_install'
[0.154s] Level 1:colcon.colcon_core.package_identification:_identify(src/diff_drivebot) by extensions ['colcon_pkg']
[0.154s] Level 1:colcon.colcon_core.package_identification:_identify(src/diff_drivebot) by extension 'colcon_pkg'
[0.154s] Level 1:colcon.colcon_core.package_identification:_identify(src/diff_drivebot) by extensions ['colcon_meta']
[0.154s] Level 1:colcon.colcon_core.package_identification:_identify(src/diff_drivebot) by extension 'colcon_meta'
[0.154s] Level 1:colcon.colcon_core.package_identification:_identify(src/diff_drivebot) by extensions ['ros']
[0.154s] Level 1:colcon.colcon_core.package_identification:_identify(src/diff_drivebot) by extension 'ros'
[0.155s] DEBUG:colcon.colcon_core.package_identification:Package 'src/diff_drivebot' with type 'ros.ament_cmake' and name 'diff_drivebot'
[0.155s] Level 1:colcon.colcon_core.package_identification:_identify(src/install) by extensions ['ignore', 'ignore_ament_install']
[0.155s] Level 1:colcon.colcon_core.package_identification:_identify(src/install) by extension 'ignore'
[0.156s] Level 1:colcon.colcon_core.package_identification:_identify(src/install) ignored
[0.156s] Level 1:colcon.colcon_core.package_identification:_identify(src/log) by extensions ['ignore', 'ignore_ament_install']
[0.156s] Level 1:colcon.colcon_core.package_identification:_identify(src/log) by extension 'ignore'
[0.156s] Level 1:colcon.colcon_core.package_identification:_identify(src/log) ignored
[0.156s] Level 1:colcon.colcon_core.package_identification:_identify(src/to_rover) by extensions ['ignore', 'ignore_ament_install']
[0.156s] Level 1:colcon.colcon_core.package_identification:_identify(src/to_rover) by extension 'ignore'
[0.156s] Level 1:colcon.colcon_core.package_identification:_identify(src/to_rover) by extension 'ignore_ament_install'
[0.156s] Level 1:colcon.colcon_core.package_identification:_identify(src/to_rover) by extensions ['colcon_pkg']
[0.156s] Level 1:colcon.colcon_core.package_identification:_identify(src/to_rover) by extension 'colcon_pkg'
[0.156s] Level 1:colcon.colcon_core.package_identification:_identify(src/to_rover) by extensions ['colcon_meta']
[0.156s] Level 1:colcon.colcon_core.package_identification:_identify(src/to_rover) by extension 'colcon_meta'
[0.156s] Level 1:colcon.colcon_core.package_identification:_identify(src/to_rover) by extensions ['ros']
[0.156s] Level 1:colcon.colcon_core.package_identification:_identify(src/to_rover) by extension 'ros'
[0.156s] DEBUG:colcon.colcon_core.package_identification:Package 'src/to_rover' with type 'ros.ament_cmake' and name 'to_rover'
[0.156s] Level 1:colcon.colcon_core.package_identification:_identify(src/to_urdf) by extensions ['ignore', 'ignore_ament_install']
[0.157s] Level 1:colcon.colcon_core.package_identification:_identify(src/to_urdf) by extension 'ignore'
[0.157s] Level 1:colcon.colcon_core.package_identification:_identify(src/to_urdf) by extension 'ignore_ament_install'
[0.157s] Level 1:colcon.colcon_core.package_identification:_identify(src/to_urdf) by extensions ['colcon_pkg']
[0.157s] Level 1:colcon.colcon_core.package_identification:_identify(src/to_urdf) by extension 'colcon_pkg'
[0.157s] Level 1:colcon.colcon_core.package_identification:_identify(src/to_urdf) by extensions ['colcon_meta']
[0.157s] Level 1:colcon.colcon_core.package_identification:_identify(src/to_urdf) by extension 'colcon_meta'
[0.157s] Level 1:colcon.colcon_core.package_identification:_identify(src/to_urdf) by extensions ['ros']
[0.157s] Level 1:colcon.colcon_core.package_identification:_identify(src/to_urdf) by extension 'ros'
[0.157s] DEBUG:colcon.colcon_core.package_identification:Package 'src/to_urdf' with type 'ros.ament_cmake' and name 'to_urdf'
[0.157s] Level 1:colcon.colcon_core.package_identification:_identify(src/to_wheels_drive) by extensions ['ignore', 'ignore_ament_install']
[0.157s] Level 1:colcon.colcon_core.package_identification:_identify(src/to_wheels_drive) by extension 'ignore'
[0.157s] Level 1:colcon.colcon_core.package_identification:_identify(src/to_wheels_drive) by extension 'ignore_ament_install'
[0.157s] Level 1:colcon.colcon_core.package_identification:_identify(src/to_wheels_drive) by extensions ['colcon_pkg']
[0.157s] Level 1:colcon.colcon_core.package_identification:_identify(src/to_wheels_drive) by extension 'colcon_pkg'
[0.157s] Level 1:colcon.colcon_core.package_identification:_identify(src/to_wheels_drive) by extensions ['colcon_meta']
[0.157s] Level 1:colcon.colcon_core.package_identification:_identify(src/to_wheels_drive) by extension 'colcon_meta'
[0.157s] Level 1:colcon.colcon_core.package_identification:_identify(src/to_wheels_drive) by extensions ['ros']
[0.157s] Level 1:colcon.colcon_core.package_identification:_identify(src/to_wheels_drive) by extension 'ros'
[0.158s] DEBUG:colcon.colcon_core.package_identification:Package 'src/to_wheels_drive' with type 'ros.ament_cmake' and name 'to_wheels_drive'
[0.158s] Level 1:colcon.colcon_core.package_discovery:discover_packages(recursive) using defaults
[0.158s] Level 1:colcon.colcon_core.package_discovery:discover_packages(ignore) discover
[0.158s] Level 1:colcon.colcon_core.package_discovery:discover_packages(ignore) using defaults
[0.158s] Level 1:colcon.colcon_core.package_discovery:discover_packages(path) discover
[0.158s] Level 1:colcon.colcon_core.package_discovery:discover_packages(path) using defaults
[0.176s] Level 1:colcon.colcon_core.package_discovery:discover_packages(prefix_path) check parameters
[0.176s] Level 1:colcon.colcon_core.package_discovery:discover_packages(prefix_path) discover
[0.177s] WARNING:colcon.colcon_ros.prefix_path.ament:The path '/home/vboxuser/ros_ws/install/to_wheels_drive' in the environment variable AMENT_PREFIX_PATH doesn't exist
[0.177s] WARNING:colcon.colcon_ros.prefix_path.ament:The path '/home/vboxuser/ros_ws/install/to_urdf' in the environment variable AMENT_PREFIX_PATH doesn't exist
[0.177s] WARNING:colcon.colcon_ros.prefix_path.ament:The path '/home/vboxuser/ros_ws/install/to_rover' in the environment variable AMENT_PREFIX_PATH doesn't exist
[0.177s] WARNING:colcon.colcon_ros.prefix_path.ament:The path '/home/vboxuser/ros_ws/install/to_drive' in the environment variable AMENT_PREFIX_PATH doesn't exist
[0.177s] WARNING:colcon.colcon_ros.prefix_path.ament:The path '/home/vboxuser/ros_ws/install/diff_drivebot' in the environment variable AMENT_PREFIX_PATH doesn't exist
[0.177s] WARNING:colcon.colcon_ros.prefix_path.catkin:The path '/home/vboxuser/ros_ws/install/to_wheels_drive' in the environment variable CMAKE_PREFIX_PATH doesn't exist
[0.177s] WARNING:colcon.colcon_ros.prefix_path.catkin:The path '/home/vboxuser/ros_ws/install/to_urdf' in the environment variable CMAKE_PREFIX_PATH doesn't exist
[0.177s] WARNING:colcon.colcon_ros.prefix_path.catkin:The path '/home/vboxuser/ros_ws/install/to_rover' in the environment variable CMAKE_PREFIX_PATH doesn't exist
[0.177s] WARNING:colcon.colcon_ros.prefix_path.catkin:The path '/home/vboxuser/ros_ws/install/to_drive' in the environment variable CMAKE_PREFIX_PATH doesn't exist
[0.177s] WARNING:colcon.colcon_ros.prefix_path.catkin:The path '/home/vboxuser/ros_ws/install/diff_drivebot' in the environment variable CMAKE_PREFIX_PATH doesn't exist
[0.177s] DEBUG:colcon.colcon_installed_package_information.package_discovery:Found 0 installed packages in /home/vboxuser/ros_ws/install
[0.178s] DEBUG:colcon.colcon_installed_package_information.package_discovery:Found 345 installed packages in /opt/ros/humble
[0.179s] Level 1:colcon.colcon_core.package_discovery:discover_packages(prefix_path) using defaults
[0.203s] Level 5:colcon.colcon_core.verb:set package 'diff_drivebot' build argument 'cmake_args' from command line to 'None'
[0.203s] Level 5:colcon.colcon_core.verb:set package 'diff_drivebot' build argument 'cmake_target' from command line to 'None'
[0.203s] Level 5:colcon.colcon_core.verb:set package 'diff_drivebot' build argument 'cmake_target_skip_unavailable' from command line to 'False'
[0.203s] Level 5:colcon.colcon_core.verb:set package 'diff_drivebot' build argument 'cmake_clean_cache' from command line to 'False'
[0.203s] Level 5:colcon.colcon_core.verb:set package 'diff_drivebot' build argument 'cmake_clean_first' from command line to 'False'
[0.203s] Level 5:colcon.colcon_core.verb:set package 'diff_drivebot' build argument 'cmake_force_configure' from command line to 'False'
[0.203s] Level 5:colcon.colcon_core.verb:set package 'diff_drivebot' build argument 'ament_cmake_args' from command line to 'None'
[0.203s] Level 5:colcon.colcon_core.verb:set package 'diff_drivebot' build argument 'catkin_cmake_args' from command line to 'None'
[0.203s] Level 5:colcon.colcon_core.verb:set package 'diff_drivebot' build argument 'catkin_skip_building_tests' from command line to 'False'
[0.203s] DEBUG:colcon.colcon_core.verb:Building package 'diff_drivebot' with the following arguments: {'ament_cmake_args': None, 'build_base': '/home/vboxuser/ros_ws/build/diff_drivebot', 'catkin_cmake_args': None, 'catkin_skip_building_tests': False, 'cmake_args': None, 'cmake_clean_cache': False, 'cmake_clean_first': False, 'cmake_force_configure': False, 'cmake_target': None, 'cmake_target_skip_unavailable': False, 'install_base': '/home/vboxuser/ros_ws/install/diff_drivebot', 'merge_install': False, 'path': '/home/vboxuser/ros_ws/src/diff_drivebot', 'symlink_install': True, 'test_result_base': None}
[0.204s] Level 5:colcon.colcon_core.verb:set package 'to_rover' build argument 'cmake_args' from command line to 'None'
[0.204s] Level 5:colcon.colcon_core.verb:set package 'to_rover' build argument 'cmake_target' from command line to 'None'
[0.204s] Level 5:colcon.colcon_core.verb:set package 'to_rover' build argument 'cmake_target_skip_unavailable' from command line to 'False'
[0.204s] Level 5:colcon.colcon_core.verb:set package 'to_rover' build argument 'cmake_clean_cache' from command line to 'False'
[0.204s] Level 5:colcon.colcon_core.verb:set package 'to_rover' build argument 'cmake_clean_first' from command line to 'False'
[0.204s] Level 5:colcon.colcon_core.verb:set package 'to_rover' build argument 'cmake_force_configure' from command line to 'False'
[0.204s] Level 5:colcon.colcon_core.verb:set package 'to_rover' build argument 'ament_cmake_args' from command line to 'None'
[0.204s] Level 5:colcon.colcon_core.verb:set package 'to_rover' build argument 'catkin_cmake_args' from command line to 'None'
[0.204s] Level 5:colcon.colcon_core.verb:set package 'to_rover' build argument 'catkin_skip_building_tests' from command line to 'False'
[0.204s] DEBUG:colcon.colcon_core.verb:Building package 'to_rover' with the following arguments: {'ament_cmake_args': None, 'build_base': '/home/vboxuser/ros_ws/build/to_rover', 'catkin_cmake_args': None, 'catkin_skip_building_tests': False, 'cmake_args': None, 'cmake_clean_cache': False, 'cmake_clean_first': False, 'cmake_force_configure': False, 'cmake_target': None, 'cmake_target_skip_unavailable': False, 'install_base': '/home/vboxuser/ros_ws/install/to_rover', 'merge_install': False, 'path': '/home/vboxuser/ros_ws/src/to_rover', 'symlink_install': True, 'test_result_base': None}
[0.204s] Level 5:colcon.colcon_core.verb:set package 'to_urdf' build argument 'cmake_args' from command line to 'None'
[0.204s] Level 5:colcon.colcon_core.verb:set package 'to_urdf' build argument 'cmake_target' from command line to 'None'
[0.204s] Level 5:colcon.colcon_core.verb:set package 'to_urdf' build argument 'cmake_target_skip_unavailable' from command line to 'False'
[0.204s] Level 5:colcon.colcon_core.verb:set package 'to_urdf' build argument 'cmake_clean_cache' from command line to 'False'
[0.204s] Level 5:colcon.colcon_core.verb:set package 'to_urdf' build argument 'cmake_clean_first' from command line to 'False'
[0.204s] Level 5:colcon.colcon_core.verb:set package 'to_urdf' build argument 'cmake_force_configure' from command line to 'False'
[0.204s] Level 5:colcon.colcon_core.verb:set package 'to_urdf' build argument 'ament_cmake_args' from command line to 'None'
[0.204s] Level 5:colcon.colcon_core.verb:set package 'to_urdf' build argument 'catkin_cmake_args' from command line to 'None'
[0.204s] Level 5:colcon.colcon_core.verb:set package 'to_urdf' build argument 'catkin_skip_building_tests' from command line to 'False'
[0.204s] DEBUG:colcon.colcon_core.verb:Building package 'to_urdf' with the following arguments: {'ament_cmake_args': None, 'build_base': '/home/vboxuser/ros_ws/build/to_urdf', 'catkin_cmake_args': None, 'catkin_skip_building_tests': False, 'cmake_args': None, 'cmake_clean_cache': False, 'cmake_clean_first': False, 'cmake_force_configure': False, 'cmake_target': None, 'cmake_target_skip_unavailable': False, 'install_base': '/home/vboxuser/ros_ws/install/to_urdf', 'merge_install': False, 'path': '/home/vboxuser/ros_ws/src/to_urdf', 'symlink_install': True, 'test_result_base': None}
[0.204s] Level 5:colcon.colcon_core.verb:set package 'to_wheels_drive' build argument 'cmake_args' from command line to 'None'
[0.204s] Level 5:colcon.colcon_core.verb:set package 'to_wheels_drive' build argument 'cmake_target' from command line to 'None'
[0.204s] Level 5:colcon.colcon_core.verb:set package 'to_wheels_drive' build argument 'cmake_target_skip_unavailable' from command line to 'False'
[0.204s] Level 5:colcon.colcon_core.verb:set package 'to_wheels_drive' build argument 'cmake_clean_cache' from command line to 'False'
[0.204s] Level 5:colcon.colcon_core.verb:set package 'to_wheels_drive' build argument 'cmake_clean_first' from command line to 'False'
[0.204s] Level 5:colcon.colcon_core.verb:set package 'to_wheels_drive' build argument 'cmake_force_configure' from command line to 'False'
[0.204s] Level 5:colcon.colcon_core.verb:set package 'to_wheels_drive' build argument 'ament_cmake_args' from command line to 'None'
[0.204s] Level 5:colcon.colcon_core.verb:set package 'to_wheels_drive' build argument 'catkin_cmake_args' from command line to 'None'
[0.204s] Level 5:colcon.colcon_core.verb:set package 'to_wheels_drive' build argument 'catkin_skip_building_tests' from command line to 'False'
[0.204s] DEBUG:colcon.colcon_core.verb:Building package 'to_wheels_drive' with the following arguments: {'ament_cmake_args': None, 'build_base': '/home/vboxuser/ros_ws/build/to_wheels_drive', 'catkin_cmake_args': None, 'catkin_skip_building_tests': False, 'cmake_args': None, 'cmake_clean_cache': False, 'cmake_clean_first': False, 'cmake_force_configure': False, 'cmake_target': None, 'cmake_target_skip_unavailable': False, 'install_base': '/home/vboxuser/ros_ws/install/to_wheels_drive', 'merge_install': False, 'path': '/home/vboxuser/ros_ws/src/to_wheels_drive', 'symlink_install': True, 'test_result_base': None}
[0.204s] INFO:colcon.colcon_core.executor:Executing jobs using 'parallel' executor
[0.206s] DEBUG:colcon.colcon_parallel_executor.executor.parallel:run_until_complete
[0.206s] INFO:colcon.colcon_ros.task.ament_cmake.build:Building ROS package in '/home/vboxuser/ros_ws/src/diff_drivebot' with build type 'ament_cmake'
[0.206s] INFO:colcon.colcon_cmake.task.cmake.build:Building CMake package in '/home/vboxuser/ros_ws/src/diff_drivebot'
[0.208s] INFO:colcon.colcon_core.plugin_system:Skipping extension 'colcon_core.shell.bat': Not used on non-Windows systems
[0.209s] INFO:colcon.colcon_core.shell:Skip shell extension 'powershell' for command environment: Not usable outside of PowerShell
[0.209s] DEBUG:colcon.colcon_core.shell:Skip shell extension 'dsv' for command environment
[0.211s] INFO:colcon.colcon_ros.task.ament_cmake.build:Building ROS package in '/home/vboxuser/ros_ws/src/to_rover' with build type 'ament_cmake'
[0.211s] INFO:colcon.colcon_cmake.task.cmake.build:Building CMake package in '/home/vboxuser/ros_ws/src/to_rover'
[0.212s] INFO:colcon.colcon_core.shell:Skip shell extension 'powershell' for command environment: Not usable outside of PowerShell
[0.212s] DEBUG:colcon.colcon_core.shell:Skip shell extension 'dsv' for command environment
[0.216s] INFO:colcon.colcon_ros.task.ament_cmake.build:Building ROS package in '/home/vboxuser/ros_ws/src/to_urdf' with build type 'ament_cmake'
[0.216s] INFO:colcon.colcon_cmake.task.cmake.build:Building CMake package in '/home/vboxuser/ros_ws/src/to_urdf'
[0.216s] INFO:colcon.colcon_core.shell:Skip shell extension 'powershell' for command environment: Not usable outside of PowerShell
[0.216s] DEBUG:colcon.colcon_core.shell:Skip shell extension 'dsv' for command environment
[0.219s] INFO:colcon.colcon_ros.task.ament_cmake.build:Building ROS package in '/home/vboxuser/ros_ws/src/to_wheels_drive' with build type 'ament_cmake'
[0.219s] INFO:colcon.colcon_cmake.task.cmake.build:Building CMake package in '/home/vboxuser/ros_ws/src/to_wheels_drive'
[0.219s] INFO:colcon.colcon_core.shell:Skip shell extension 'powershell' for command environment: Not usable outside of PowerShell
[0.219s] DEBUG:colcon.colcon_core.shell:Skip shell extension 'dsv' for command environment
[0.226s] DEBUG:colcon.colcon_core.event_handler.log_command:Invoking command in '/home/vboxuser/ros_ws/build/diff_drivebot': CMAKE_PREFIX_PATH=${CMAKE_PREFIX_PATH}:/opt/ros/humble /usr/bin/cmake /home/vboxuser/ros_ws/src/diff_drivebot -DAMENT_CMAKE_SYMLINK_INSTALL=1 -DCMAKE_INSTALL_PREFIX=/home/vboxuser/ros_ws/install/diff_drivebot
[0.230s] DEBUG:colcon.colcon_core.event_handler.log_command:Invoking command in '/home/vboxuser/ros_ws/build/to_rover': CMAKE_PREFIX_PATH=${CMAKE_PREFIX_PATH}:/opt/ros/humble /usr/bin/cmake /home/vboxuser/ros_ws/src/to_rover -DAMENT_CMAKE_SYMLINK_INSTALL=1 -DCMAKE_INSTALL_PREFIX=/home/vboxuser/ros_ws/install/to_rover
[0.232s] DEBUG:colcon.colcon_core.event_handler.log_command:Invoking command in '/home/vboxuser/ros_ws/build/to_urdf': CMAKE_PREFIX_PATH=${CMAKE_PREFIX_PATH}:/opt/ros/humble /usr/bin/cmake /home/vboxuser/ros_ws/src/to_urdf -DAMENT_CMAKE_SYMLINK_INSTALL=1 -DCMAKE_INSTALL_PREFIX=/home/vboxuser/ros_ws/install/to_urdf
[0.236s] DEBUG:colcon.colcon_core.event_handler.log_command:Invoking command in '/home/vboxuser/ros_ws/build/to_wheels_drive': CMAKE_PREFIX_PATH=${CMAKE_PREFIX_PATH}:/opt/ros/humble /usr/bin/cmake /home/vboxuser/ros_ws/src/to_wheels_drive -DAMENT_CMAKE_SYMLINK_INSTALL=1 -DCMAKE_INSTALL_PREFIX=/home/vboxuser/ros_ws/install/to_wheels_drive
[1.149s] DEBUG:colcon.colcon_core.event_handler.log_command:Invoked command in '/home/vboxuser/ros_ws/build/to_urdf' returned '0': CMAKE_PREFIX_PATH=${CMAKE_PREFIX_PATH}:/opt/ros/humble /usr/bin/cmake /home/vboxuser/ros_ws/src/to_urdf -DAMENT_CMAKE_SYMLINK_INSTALL=1 -DCMAKE_INSTALL_PREFIX=/home/vboxuser/ros_ws/install/to_urdf
[1.152s] DEBUG:colcon.colcon_core.event_handler.log_command:Invoking command in '/home/vboxuser/ros_ws/build/to_urdf': CMAKE_PREFIX_PATH=${CMAKE_PREFIX_PATH}:/opt/ros/humble /usr/bin/cmake --build /home/vboxuser/ros_ws/build/to_urdf -- -j14 -l14
[1.153s] DEBUG:colcon.colcon_core.event_handler.log_command:Invoked command in '/home/vboxuser/ros_ws/build/diff_drivebot' returned '0': CMAKE_PREFIX_PATH=${CMAKE_PREFIX_PATH}:/opt/ros/humble /usr/bin/cmake /home/vboxuser/ros_ws/src/diff_drivebot -DAMENT_CMAKE_SYMLINK_INSTALL=1 -DCMAKE_INSTALL_PREFIX=/home/vboxuser/ros_ws/install/diff_drivebot
[1.154s] DEBUG:colcon.colcon_core.event_handler.log_command:Invoking command in '/home/vboxuser/ros_ws/build/diff_drivebot': CMAKE_PREFIX_PATH=${CMAKE_PREFIX_PATH}:/opt/ros/humble /usr/bin/cmake --build /home/vboxuser/ros_ws/build/diff_drivebot -- -j14 -l14
[1.178s] DEBUG:colcon.colcon_core.event_handler.log_command:Invoked command in '/home/vboxuser/ros_ws/build/diff_drivebot' returned '0': CMAKE_PREFIX_PATH=${CMAKE_PREFIX_PATH}:/opt/ros/humble /usr/bin/cmake --build /home/vboxuser/ros_ws/build/diff_drivebot -- -j14 -l14
[1.185s] DEBUG:colcon.colcon_core.event_handler.log_command:Invoking command in '/home/vboxuser/ros_ws/build/diff_drivebot': CMAKE_PREFIX_PATH=${CMAKE_PREFIX_PATH}:/opt/ros/humble /usr/bin/cmake --install /home/vboxuser/ros_ws/build/diff_drivebot
[1.186s] DEBUG:colcon.colcon_core.event_handler.log_command:Invoked command in '/home/vboxuser/ros_ws/build/to_urdf' returned '0': CMAKE_PREFIX_PATH=${CMAKE_PREFIX_PATH}:/opt/ros/humble /usr/bin/cmake --build /home/vboxuser/ros_ws/build/to_urdf -- -j14 -l14
[1.187s] DEBUG:colcon.colcon_core.event_handler.log_command:Invoking command in '/home/vboxuser/ros_ws/build/to_urdf': CMAKE_PREFIX_PATH=${CMAKE_PREFIX_PATH}:/opt/ros/humble /usr/bin/cmake --install /home/vboxuser/ros_ws/build/to_urdf
[1.201s] DEBUG:colcon.colcon_core.event_handler.log_command:Invoked command in '/home/vboxuser/ros_ws/build/to_rover' returned '0': CMAKE_PREFIX_PATH=${CMAKE_PREFIX_PATH}:/opt/ros/humble /usr/bin/cmake /home/vboxuser/ros_ws/src/to_rover -DAMENT_CMAKE_SYMLINK_INSTALL=1 -DCMAKE_INSTALL_PREFIX=/home/vboxuser/ros_ws/install/to_rover
[1.202s] DEBUG:colcon.colcon_core.event_handler.log_command:Invoking command in '/home/vboxuser/ros_ws/build/to_rover': CMAKE_PREFIX_PATH=${CMAKE_PREFIX_PATH}:/opt/ros/humble /usr/bin/cmake --build /home/vboxuser/ros_ws/build/to_rover -- -j14 -l14
[1.217s] DEBUG:colcon.colcon_core.event_handler.log_command:Invoked command in '/home/vboxuser/ros_ws/build/to_wheels_drive' returned '0': CMAKE_PREFIX_PATH=${CMAKE_PREFIX_PATH}:/opt/ros/humble /usr/bin/cmake /home/vboxuser/ros_ws/src/to_wheels_drive -DAMENT_CMAKE_SYMLINK_INSTALL=1 -DCMAKE_INSTALL_PREFIX=/home/vboxuser/ros_ws/install/to_wheels_drive
[1.219s] DEBUG:colcon.colcon_core.event_handler.log_command:Invoking command in '/home/vboxuser/ros_ws/build/to_wheels_drive': CMAKE_PREFIX_PATH=${CMAKE_PREFIX_PATH}:/opt/ros/humble /usr/bin/cmake --build /home/vboxuser/ros_ws/build/to_wheels_drive -- -j14 -l14
[1.227s] DEBUG:colcon.colcon_core.event_handler.log_command:Invoked command in '/home/vboxuser/ros_ws/build/to_rover' returned '0': CMAKE_PREFIX_PATH=${CMAKE_PREFIX_PATH}:/opt/ros/humble /usr/bin/cmake --build /home/vboxuser/ros_ws/build/to_rover -- -j14 -l14
[1.229s] DEBUG:colcon.colcon_core.event_handler.log_command:Invoking command in '/home/vboxuser/ros_ws/build/to_rover': CMAKE_PREFIX_PATH=${CMAKE_PREFIX_PATH}:/opt/ros/humble /usr/bin/cmake --install /home/vboxuser/ros_ws/build/to_rover
[1.402s] Level 1:colcon.colcon_core.environment:create_environment_scripts_only(diff_drivebot)
[1.402s] DEBUG:colcon.colcon_core.event_handler.log_command:Invoked command in '/home/vboxuser/ros_ws/build/diff_drivebot' returned '0': CMAKE_PREFIX_PATH=${CMAKE_PREFIX_PATH}:/opt/ros/humble /usr/bin/cmake --install /home/vboxuser/ros_ws/build/diff_drivebot
[1.403s] Level 1:colcon.colcon_core.environment:checking '/home/vboxuser/ros_ws/install/diff_drivebot' for CMake module files
[1.404s] Level 1:colcon.colcon_core.environment:checking '/home/vboxuser/ros_ws/install/diff_drivebot' for CMake config files
[1.404s] Level 1:colcon.colcon_core.shell:create_environment_hook('diff_drivebot', 'cmake_prefix_path')
[1.404s] INFO:colcon.colcon_core.shell:Creating environment hook '/home/vboxuser/ros_ws/install/diff_drivebot/share/diff_drivebot/hook/cmake_prefix_path.ps1'
[1.404s] INFO:colcon.colcon_core.shell:Creating environment descriptor '/home/vboxuser/ros_ws/install/diff_drivebot/share/diff_drivebot/hook/cmake_prefix_path.dsv'
[1.405s] INFO:colcon.colcon_core.shell:Creating environment hook '/home/vboxuser/ros_ws/install/diff_drivebot/share/diff_drivebot/hook/cmake_prefix_path.sh'
[1.405s] Level 1:colcon.colcon_core.environment:checking '/home/vboxuser/ros_ws/install/diff_drivebot/bin'
[1.405s] Level 1:colcon.colcon_core.environment:checking '/home/vboxuser/ros_ws/install/diff_drivebot/lib/pkgconfig/diff_drivebot.pc'
[1.405s] Level 1:colcon.colcon_core.environment:checking '/home/vboxuser/ros_ws/install/diff_drivebot/lib/python3.10/site-packages'
[1.405s] Level 1:colcon.colcon_core.environment:checking '/home/vboxuser/ros_ws/install/diff_drivebot/bin'
[1.406s] INFO:colcon.colcon_core.shell:Creating package script '/home/vboxuser/ros_ws/install/diff_drivebot/share/diff_drivebot/package.ps1'
[1.406s] INFO:colcon.colcon_core.shell:Creating package descriptor '/home/vboxuser/ros_ws/install/diff_drivebot/share/diff_drivebot/package.dsv'
[1.406s] INFO:colcon.colcon_core.shell:Creating package script '/home/vboxuser/ros_ws/install/diff_drivebot/share/diff_drivebot/package.sh'
[1.407s] INFO:colcon.colcon_core.shell:Creating package script '/home/vboxuser/ros_ws/install/diff_drivebot/share/diff_drivebot/package.bash'
[1.407s] INFO:colcon.colcon_core.shell:Creating package script '/home/vboxuser/ros_ws/install/diff_drivebot/share/diff_drivebot/package.zsh'
[1.408s] Level 1:colcon.colcon_core.environment:create_file_with_runtime_dependencies(/home/vboxuser/ros_ws/install/diff_drivebot/share/colcon-core/packages/diff_drivebot)
[1.408s] Level 1:colcon.colcon_core.environment:create_environment_scripts_only(diff_drivebot)
[1.408s] Level 1:colcon.colcon_core.environment:checking '/home/vboxuser/ros_ws/install/diff_drivebot' for CMake module files
[1.409s] Level 1:colcon.colcon_core.environment:checking '/home/vboxuser/ros_ws/install/diff_drivebot' for CMake config files
[1.409s] Level 1:colcon.colcon_core.shell:create_environment_hook('diff_drivebot', 'cmake_prefix_path')
[1.409s] INFO:colcon.colcon_core.shell:Creating environment hook '/home/vboxuser/ros_ws/install/diff_drivebot/share/diff_drivebot/hook/cmake_prefix_path.ps1'
[1.409s] INFO:colcon.colcon_core.shell:Creating environment descriptor '/home/vboxuser/ros_ws/install/diff_drivebot/share/diff_drivebot/hook/cmake_prefix_path.dsv'
[1.410s] INFO:colcon.colcon_core.shell:Creating environment hook '/home/vboxuser/ros_ws/install/diff_drivebot/share/diff_drivebot/hook/cmake_prefix_path.sh'
[1.410s] Level 1:colcon.colcon_core.environment:checking '/home/vboxuser/ros_ws/install/diff_drivebot/bin'
[1.410s] Level 1:colcon.colcon_core.environment:checking '/home/vboxuser/ros_ws/install/diff_drivebot/lib/pkgconfig/diff_drivebot.pc'
[1.410s] Level 1:colcon.colcon_core.environment:checking '/home/vboxuser/ros_ws/install/diff_drivebot/lib/python3.10/site-packages'
[1.411s] Level 1:colcon.colcon_core.environment:checking '/home/vboxuser/ros_ws/install/diff_drivebot/bin'
[1.411s] INFO:colcon.colcon_core.shell:Creating package script '/home/vboxuser/ros_ws/install/diff_drivebot/share/diff_drivebot/package.ps1'
[1.411s] INFO:colcon.colcon_core.shell:Creating package descriptor '/home/vboxuser/ros_ws/install/diff_drivebot/share/diff_drivebot/package.dsv'
[1.412s] INFO:colcon.colcon_core.shell:Creating package script '/home/vboxuser/ros_ws/install/diff_drivebot/share/diff_drivebot/package.sh'
[1.412s] INFO:colcon.colcon_core.shell:Creating package script '/home/vboxuser/ros_ws/install/diff_drivebot/share/diff_drivebot/package.bash'
[1.413s] INFO:colcon.colcon_core.shell:Creating package script '/home/vboxuser/ros_ws/install/diff_drivebot/share/diff_drivebot/package.zsh'
[1.413s] Level 1:colcon.colcon_core.environment:create_file_with_runtime_dependencies(/home/vboxuser/ros_ws/install/diff_drivebot/share/colcon-core/packages/diff_drivebot)
[1.423s] Level 1:colcon.colcon_core.environment:create_environment_scripts_only(to_urdf)
[1.423s] Level 1:colcon.colcon_core.environment:checking '/home/vboxuser/ros_ws/install/to_urdf' for CMake module files
[1.424s] DEBUG:colcon.colcon_core.event_handler.log_command:Invoked command in '/home/vboxuser/ros_ws/build/to_urdf' returned '0': CMAKE_PREFIX_PATH=${CMAKE_PREFIX_PATH}:/opt/ros/humble /usr/bin/cmake --install /home/vboxuser/ros_ws/build/to_urdf
[1.424s] Level 1:colcon.colcon_core.environment:checking '/home/vboxuser/ros_ws/install/to_urdf' for CMake config files
[1.424s] Level 1:colcon.colcon_core.shell:create_environment_hook('to_urdf', 'cmake_prefix_path')
[1.424s] INFO:colcon.colcon_core.shell:Creating environment hook '/home/vboxuser/ros_ws/install/to_urdf/share/to_urdf/hook/cmake_prefix_path.ps1'
[1.424s] INFO:colcon.colcon_core.shell:Creating environment descriptor '/home/vboxuser/ros_ws/install/to_urdf/share/to_urdf/hook/cmake_prefix_path.dsv'
[1.425s] INFO:colcon.colcon_core.shell:Creating environment hook '/home/vboxuser/ros_ws/install/to_urdf/share/to_urdf/hook/cmake_prefix_path.sh'
[1.425s] Level 1:colcon.colcon_core.environment:checking '/home/vboxuser/ros_ws/install/to_urdf/bin'
[1.425s] Level 1:colcon.colcon_core.environment:checking '/home/vboxuser/ros_ws/install/to_urdf/lib/pkgconfig/to_urdf.pc'
[1.425s] Level 1:colcon.colcon_core.environment:checking '/home/vboxuser/ros_ws/install/to_urdf/lib/python3.10/site-packages'
[1.425s] Level 1:colcon.colcon_core.environment:checking '/home/vboxuser/ros_ws/install/to_urdf/bin'
[1.425s] INFO:colcon.colcon_core.shell:Creating package script '/home/vboxuser/ros_ws/install/to_urdf/share/to_urdf/package.ps1'
[1.426s] INFO:colcon.colcon_core.shell:Creating package descriptor '/home/vboxuser/ros_ws/install/to_urdf/share/to_urdf/package.dsv'
[1.426s] INFO:colcon.colcon_core.shell:Creating package script '/home/vboxuser/ros_ws/install/to_urdf/share/to_urdf/package.sh'
[1.426s] INFO:colcon.colcon_core.shell:Creating package script '/home/vboxuser/ros_ws/install/to_urdf/share/to_urdf/package.bash'
[1.426s] INFO:colcon.colcon_core.shell:Creating package script '/home/vboxuser/ros_ws/install/to_urdf/share/to_urdf/package.zsh'
[1.426s] Level 1:colcon.colcon_core.environment:create_file_with_runtime_dependencies(/home/vboxuser/ros_ws/install/to_urdf/share/colcon-core/packages/to_urdf)
[1.427s] Level 1:colcon.colcon_core.environment:create_environment_scripts_only(to_urdf)
[1.427s] Level 1:colcon.colcon_core.environment:checking '/home/vboxuser/ros_ws/install/to_urdf' for CMake module files
[1.427s] Level 1:colcon.colcon_core.environment:checking '/home/vboxuser/ros_ws/install/to_urdf' for CMake config files
[1.428s] Level 1:colcon.colcon_core.shell:create_environment_hook('to_urdf', 'cmake_prefix_path')
[1.428s] INFO:colcon.colcon_core.shell:Creating environment hook '/home/vboxuser/ros_ws/install/to_urdf/share/to_urdf/hook/cmake_prefix_path.ps1'
[1.428s] INFO:colcon.colcon_core.shell:Creating environment descriptor '/home/vboxuser/ros_ws/install/to_urdf/share/to_urdf/hook/cmake_prefix_path.dsv'
[1.428s] INFO:colcon.colcon_core.shell:Creating environment hook '/home/vboxuser/ros_ws/install/to_urdf/share/to_urdf/hook/cmake_prefix_path.sh'
[1.429s] Level 1:colcon.colcon_core.environment:checking '/home/vboxuser/ros_ws/install/to_urdf/bin'
[1.429s] Level 1:colcon.colcon_core.environment:checking '/home/vboxuser/ros_ws/install/to_urdf/lib/pkgconfig/to_urdf.pc'
[1.429s] Level 1:colcon.colcon_core.environment:checking '/home/vboxuser/ros_ws/install/to_urdf/lib/python3.10/site-packages'
[1.429s] Level 1:colcon.colcon_core.environment:checking '/home/vboxuser/ros_ws/install/to_urdf/bin'
[1.429s] INFO:colcon.colcon_core.shell:Creating package script '/home/vboxuser/ros_ws/install/to_urdf/share/to_urdf/package.ps1'
[1.429s] INFO:colcon.colcon_core.shell:Creating package descriptor '/home/vboxuser/ros_ws/install/to_urdf/share/to_urdf/package.dsv'
[1.430s] INFO:colcon.colcon_core.shell:Creating package script '/home/vboxuser/ros_ws/install/to_urdf/share/to_urdf/package.sh'
[1.430s] INFO:colcon.colcon_core.shell:Creating package script '/home/vboxuser/ros_ws/install/to_urdf/share/to_urdf/package.bash'
[1.431s] INFO:colcon.colcon_core.shell:Creating package script '/home/vboxuser/ros_ws/install/to_urdf/share/to_urdf/package.zsh'
[1.431s] Level 1:colcon.colcon_core.environment:create_file_with_runtime_dependencies(/home/vboxuser/ros_ws/install/to_urdf/share/colcon-core/packages/to_urdf)
[1.509s] Level 1:colcon.colcon_core.environment:create_environment_scripts_only(to_rover)
[1.510s] Level 1:colcon.colcon_core.environment:checking '/home/vboxuser/ros_ws/install/to_rover' for CMake module files
[1.510s] DEBUG:colcon.colcon_core.event_handler.log_command:Invoked command in '/home/vboxuser/ros_ws/build/to_rover' returned '0': CMAKE_PREFIX_PATH=${CMAKE_PREFIX_PATH}:/opt/ros/humble /usr/bin/cmake --install /home/vboxuser/ros_ws/build/to_rover
[1.510s] Level 1:colcon.colcon_core.environment:checking '/home/vboxuser/ros_ws/install/to_rover' for CMake config files
[1.511s] Level 1:colcon.colcon_core.shell:create_environment_hook('to_rover', 'cmake_prefix_path')
[1.511s] INFO:colcon.colcon_core.shell:Creating environment hook '/home/vboxuser/ros_ws/install/to_rover/share/to_rover/hook/cmake_prefix_path.ps1'
[1.511s] INFO:colcon.colcon_core.shell:Creating environment descriptor '/home/vboxuser/ros_ws/install/to_rover/share/to_rover/hook/cmake_prefix_path.dsv'
[1.511s] INFO:colcon.colcon_core.shell:Creating environment hook '/home/vboxuser/ros_ws/install/to_rover/share/to_rover/hook/cmake_prefix_path.sh'
[1.512s] Level 1:colcon.colcon_core.environment:checking '/home/vboxuser/ros_ws/install/to_rover/bin'
[1.512s] Level 1:colcon.colcon_core.environment:checking '/home/vboxuser/ros_ws/install/to_rover/lib/pkgconfig/to_rover.pc'
[1.512s] Level 1:colcon.colcon_core.environment:checking '/home/vboxuser/ros_ws/install/to_rover/lib/python3.10/site-packages'
[1.512s] Level 1:colcon.colcon_core.environment:checking '/home/vboxuser/ros_ws/install/to_rover/bin'
[1.512s] INFO:colcon.colcon_core.shell:Creating package script '/home/vboxuser/ros_ws/install/to_rover/share/to_rover/package.ps1'
[1.513s] INFO:colcon.colcon_core.shell:Creating package descriptor '/home/vboxuser/ros_ws/install/to_rover/share/to_rover/package.dsv'
[1.513s] INFO:colcon.colcon_core.shell:Creating package script '/home/vboxuser/ros_ws/install/to_rover/share/to_rover/package.sh'
[1.513s] INFO:colcon.colcon_core.shell:Creating package script '/home/vboxuser/ros_ws/install/to_rover/share/to_rover/package.bash'
[1.513s] INFO:colcon.colcon_core.shell:Creating package script '/home/vboxuser/ros_ws/install/to_rover/share/to_rover/package.zsh'
[1.513s] Level 1:colcon.colcon_core.environment:create_file_with_runtime_dependencies(/home/vboxuser/ros_ws/install/to_rover/share/colcon-core/packages/to_rover)
[1.514s] Level 1:colcon.colcon_core.environment:create_environment_scripts_only(to_rover)
[1.514s] Level 1:colcon.colcon_core.environment:checking '/home/vboxuser/ros_ws/install/to_rover' for CMake module files
[1.514s] Level 1:colcon.colcon_core.environment:checking '/home/vboxuser/ros_ws/install/to_rover' for CMake config files
[1.514s] Level 1:colcon.colcon_core.shell:create_environment_hook('to_rover', 'cmake_prefix_path')
[1.515s] INFO:colcon.colcon_core.shell:Creating environment hook '/home/vboxuser/ros_ws/install/to_rover/share/to_rover/hook/cmake_prefix_path.ps1'
[1.515s] INFO:colcon.colcon_core.shell:Creating environment descriptor '/home/vboxuser/ros_ws/install/to_rover/share/to_rover/hook/cmake_prefix_path.dsv'
[1.515s] INFO:colcon.colcon_core.shell:Creating environment hook '/home/vboxuser/ros_ws/install/to_rover/share/to_rover/hook/cmake_prefix_path.sh'
[1.516s] Level 1:colcon.colcon_core.environment:checking '/home/vboxuser/ros_ws/install/to_rover/bin'
[1.516s] Level 1:colcon.colcon_core.environment:checking '/home/vboxuser/ros_ws/install/to_rover/lib/pkgconfig/to_rover.pc'
[1.516s] Level 1:colcon.colcon_core.environment:checking '/home/vboxuser/ros_ws/install/to_rover/lib/python3.10/site-packages'
[1.516s] Level 1:colcon.colcon_core.environment:checking '/home/vboxuser/ros_ws/install/to_rover/bin'
[1.516s] INFO:colcon.colcon_core.shell:Creating package script '/home/vboxuser/ros_ws/install/to_rover/share/to_rover/package.ps1'
[1.517s] INFO:colcon.colcon_core.shell:Creating package descriptor '/home/vboxuser/ros_ws/install/to_rover/share/to_rover/package.dsv'
[1.517s] INFO:colcon.colcon_core.shell:Creating package script '/home/vboxuser/ros_ws/install/to_rover/share/to_rover/package.sh'
[1.517s] INFO:colcon.colcon_core.shell:Creating package script '/home/vboxuser/ros_ws/install/to_rover/share/to_rover/package.bash'
[1.518s] INFO:colcon.colcon_core.shell:Creating package script '/home/vboxuser/ros_ws/install/to_rover/share/to_rover/package.zsh'
[1.518s] Level 1:colcon.colcon_core.environment:create_file_with_runtime_dependencies(/home/vboxuser/ros_ws/install/to_rover/share/colcon-core/packages/to_rover)
[1.935s] DEBUG:colcon.colcon_core.event_handler.log_command:Invoked command in '/home/vboxuser/ros_ws/build/to_wheels_drive' returned '0': CMAKE_PREFIX_PATH=${CMAKE_PREFIX_PATH}:/opt/ros/humble /usr/bin/cmake --build /home/vboxuser/ros_ws/build/to_wheels_drive -- -j14 -l14
[1.935s] DEBUG:colcon.colcon_core.event_handler.log_command:Invoking command in '/home/vboxuser/ros_ws/build/to_wheels_drive': CMAKE_PREFIX_PATH=${CMAKE_PREFIX_PATH}:/opt/ros/humble /usr/bin/cmake --install /home/vboxuser/ros_ws/build/to_wheels_drive
[2.061s] Level 1:colcon.colcon_core.environment:create_environment_scripts_only(to_wheels_drive)
[2.061s] Level 1:colcon.colcon_core.environment:checking '/home/vboxuser/ros_ws/install/to_wheels_drive' for CMake module files
[2.062s] DEBUG:colcon.colcon_core.event_handler.log_command:Invoked command in '/home/vboxuser/ros_ws/build/to_wheels_drive' returned '0': CMAKE_PREFIX_PATH=${CMAKE_PREFIX_PATH}:/opt/ros/humble /usr/bin/cmake --install /home/vboxuser/ros_ws/build/to_wheels_drive
[2.062s] Level 1:colcon.colcon_core.environment:checking '/home/vboxuser/ros_ws/install/to_wheels_drive' for CMake config files
[2.062s] Level 1:colcon.colcon_core.shell:create_environment_hook('to_wheels_drive', 'cmake_prefix_path')
[2.062s] INFO:colcon.colcon_core.shell:Creating environment hook '/home/vboxuser/ros_ws/install/to_wheels_drive/share/to_wheels_drive/hook/cmake_prefix_path.ps1'
[2.063s] INFO:colcon.colcon_core.shell:Creating environment descriptor '/home/vboxuser/ros_ws/install/to_wheels_drive/share/to_wheels_drive/hook/cmake_prefix_path.dsv'
[2.063s] INFO:colcon.colcon_core.shell:Creating environment hook '/home/vboxuser/ros_ws/install/to_wheels_drive/share/to_wheels_drive/hook/cmake_prefix_path.sh'
[2.063s] Level 1:colcon.colcon_core.environment:checking '/home/vboxuser/ros_ws/install/to_wheels_drive/lib'
[2.063s] Level 1:colcon.colcon_core.shell:create_environment_hook('to_wheels_drive', 'ld_library_path_lib')
[2.063s] INFO:colcon.colcon_core.shell:Creating environment hook '/home/vboxuser/ros_ws/install/to_wheels_drive/share/to_wheels_drive/hook/ld_library_path_lib.ps1'
[2.064s] INFO:colcon.colcon_core.shell:Creating environment descriptor '/home/vboxuser/ros_ws/install/to_wheels_drive/share/to_wheels_drive/hook/ld_library_path_lib.dsv'
[2.064s] INFO:colcon.colcon_core.shell:Creating environment hook '/home/vboxuser/ros_ws/install/to_wheels_drive/share/to_wheels_drive/hook/ld_library_path_lib.sh'
[2.064s] Level 1:colcon.colcon_core.environment:checking '/home/vboxuser/ros_ws/install/to_wheels_drive/bin'
[2.064s] Level 1:colcon.colcon_core.environment:checking '/home/vboxuser/ros_ws/install/to_wheels_drive/lib/pkgconfig/to_wheels_drive.pc'
[2.064s] Level 1:colcon.colcon_core.environment:checking '/home/vboxuser/ros_ws/install/to_wheels_drive/lib/python3.10/site-packages'
[2.064s] Level 1:colcon.colcon_core.environment:checking '/home/vboxuser/ros_ws/install/to_wheels_drive/bin'
[2.064s] INFO:colcon.colcon_core.shell:Creating package script '/home/vboxuser/ros_ws/install/to_wheels_drive/share/to_wheels_drive/package.ps1'
[2.065s] INFO:colcon.colcon_core.shell:Creating package descriptor '/home/vboxuser/ros_ws/install/to_wheels_drive/share/to_wheels_drive/package.dsv'
[2.065s] INFO:colcon.colcon_core.shell:Creating package script '/home/vboxuser/ros_ws/install/to_wheels_drive/share/to_wheels_drive/package.sh'
[2.065s] INFO:colcon.colcon_core.shell:Creating package script '/home/vboxuser/ros_ws/install/to_wheels_drive/share/to_wheels_drive/package.bash'
[2.065s] INFO:colcon.colcon_core.shell:Creating package script '/home/vboxuser/ros_ws/install/to_wheels_drive/share/to_wheels_drive/package.zsh'
[2.066s] Level 1:colcon.colcon_core.environment:create_file_with_runtime_dependencies(/home/vboxuser/ros_ws/install/to_wheels_drive/share/colcon-core/packages/to_wheels_drive)
[2.066s] Level 1:colcon.colcon_core.environment:create_environment_scripts_only(to_wheels_drive)
[2.066s] Level 1:colcon.colcon_core.environment:checking '/home/vboxuser/ros_ws/install/to_wheels_drive' for CMake module files
[2.066s] Level 1:colcon.colcon_core.environment:checking '/home/vboxuser/ros_ws/install/to_wheels_drive' for CMake config files
[2.066s] Level 1:colcon.colcon_core.shell:create_environment_hook('to_wheels_drive', 'cmake_prefix_path')
[2.067s] INFO:colcon.colcon_core.shell:Creating environment hook '/home/vboxuser/ros_ws/install/to_wheels_drive/share/to_wheels_drive/hook/cmake_prefix_path.ps1'
[2.067s] INFO:colcon.colcon_core.shell:Creating environment descriptor '/home/vboxuser/ros_ws/install/to_wheels_drive/share/to_wheels_drive/hook/cmake_prefix_path.dsv'
[2.067s] INFO:colcon.colcon_core.shell:Creating environment hook '/home/vboxuser/ros_ws/install/to_wheels_drive/share/to_wheels_drive/hook/cmake_prefix_path.sh'
[2.067s] Level 1:colcon.colcon_core.environment:checking '/home/vboxuser/ros_ws/install/to_wheels_drive/lib'
[2.067s] Level 1:colcon.colcon_core.shell:create_environment_hook('to_wheels_drive', 'ld_library_path_lib')
[2.068s] INFO:colcon.colcon_core.shell:Creating environment hook '/home/vboxuser/ros_ws/install/to_wheels_drive/share/to_wheels_drive/hook/ld_library_path_lib.ps1'
[2.068s] INFO:colcon.colcon_core.shell:Creating environment descriptor '/home/vboxuser/ros_ws/install/to_wheels_drive/share/to_wheels_drive/hook/ld_library_path_lib.dsv'
[2.068s] INFO:colcon.colcon_core.shell:Creating environment hook '/home/vboxuser/ros_ws/install/to_wheels_drive/share/to_wheels_drive/hook/ld_library_path_lib.sh'
[2.068s] Level 1:colcon.colcon_core.environment:checking '/home/vboxuser/ros_ws/install/to_wheels_drive/bin'
[2.068s] Level 1:colcon.colcon_core.environment:checking '/home/vboxuser/ros_ws/install/to_wheels_drive/lib/pkgconfig/to_wheels_drive.pc'
[2.068s] Level 1:colcon.colcon_core.environment:checking '/home/vboxuser/ros_ws/install/to_wheels_drive/lib/python3.10/site-packages'
[2.069s] Level 1:colcon.colcon_core.environment:checking '/home/vboxuser/ros_ws/install/to_wheels_drive/bin'
[2.069s] INFO:colcon.colcon_core.shell:Creating package script '/home/vboxuser/ros_ws/install/to_wheels_drive/share/to_wheels_drive/package.ps1'
[2.069s] INFO:colcon.colcon_core.shell:Creating package descriptor '/home/vboxuser/ros_ws/install/to_wheels_drive/share/to_wheels_drive/package.dsv'
[2.069s] INFO:colcon.colcon_core.shell:Creating package script '/home/vboxuser/ros_ws/install/to_wheels_drive/share/to_wheels_drive/package.sh'
[2.070s] INFO:colcon.colcon_core.shell:Creating package script '/home/vboxuser/ros_ws/install/to_wheels_drive/share/to_wheels_drive/package.bash'
[2.070s] INFO:colcon.colcon_core.shell:Creating package script '/home/vboxuser/ros_ws/install/to_wheels_drive/share/to_wheels_drive/package.zsh'
[2.070s] Level 1:colcon.colcon_core.environment:create_file_with_runtime_dependencies(/home/vboxuser/ros_ws/install/to_wheels_drive/share/colcon-core/packages/to_wheels_drive)
[2.070s] DEBUG:colcon.colcon_parallel_executor.executor.parallel:closing loop
[2.070s] DEBUG:colcon.colcon_parallel_executor.executor.parallel:loop closed
[2.070s] DEBUG:colcon.colcon_parallel_executor.executor.parallel:run_until_complete finished with '0'
[2.070s] DEBUG:colcon.colcon_core.event_reactor:joining thread
[2.074s] INFO:colcon.colcon_core.plugin_system:Skipping extension 'colcon_notification.desktop_notification.terminal_notifier': Not used on non-Darwin systems
[2.074s] INFO:colcon.colcon_core.plugin_system:Skipping extension 'colcon_notification.desktop_notification.win32': Not used on non-Windows systems
[2.074s] INFO:colcon.colcon_notification.desktop_notification:Sending desktop notification using 'notify2'
[2.082s] DEBUG:colcon.colcon_core.event_reactor:joined thread
[2.082s] INFO:colcon.colcon_core.shell:Creating prefix script '/home/vboxuser/ros_ws/install/local_setup.ps1'
[2.083s] INFO:colcon.colcon_core.shell:Creating prefix util module '/home/vboxuser/ros_ws/install/_local_setup_util_ps1.py'
[2.083s] INFO:colcon.colcon_core.shell:Creating prefix chain script '/home/vboxuser/ros_ws/install/setup.ps1'
[2.084s] INFO:colcon.colcon_core.shell:Creating prefix script '/home/vboxuser/ros_ws/install/local_setup.sh'
[2.084s] INFO:colcon.colcon_core.shell:Creating prefix util module '/home/vboxuser/ros_ws/install/_local_setup_util_sh.py'
[2.085s] INFO:colcon.colcon_core.shell:Creating prefix chain script '/home/vboxuser/ros_ws/install/setup.sh'
[2.085s] INFO:colcon.colcon_core.shell:Creating prefix script '/home/vboxuser/ros_ws/install/local_setup.bash'
[2.086s] INFO:colcon.colcon_core.shell:Creating prefix chain script '/home/vboxuser/ros_ws/install/setup.bash'
[2.087s] INFO:colcon.colcon_core.shell:Creating prefix script '/home/vboxuser/ros_ws/install/local_setup.zsh'
[2.087s] INFO:colcon.colcon_core.shell:Creating prefix chain script '/home/vboxuser/ros_ws/install/setup.zsh'
