[0.060s] DEBUG:colcon:Command line arguments: ['/usr/bin/colcon', 'build', '--symlink-install']
[0.060s] DEBUG:colcon:Parsed command line arguments: Namespace(log_base=None, log_level=None, verb_name='build', build_base='build', install_base='install', merge_install=False, symlink_install=True, test_result_base=None, continue_on_error=False, executor='parallel', parallel_workers=14, event_handlers=None, ignore_user_meta=False, metas=['./colcon.meta'], base_paths=['.'], packages_ignore=None, packages_ignore_regex=None, paths=None, packages_up_to=None, packages_up_to_regex=None, packages_above=None, packages_above_and_dependencies=None, packages_above_depth=None, packages_select_by_dep=None, packages_skip_by_dep=None, packages_skip_up_to=None, packages_select_build_failed=False, packages_skip_build_finished=False, packages_select_test_failures=False, packages_skip_test_passed=False, packages_select=None, packages_skip=None, packages_select_regex=None, packages_skip_regex=None, packages_start=None, packages_end=None, allow_overriding=[], cmake_args=None, cmake_target=None, cmake_target_skip_unavailable=False, cmake_clean_cache=False, cmake_clean_first=False, cmake_force_configure=False, ament_cmake_args=None, catkin_cmake_args=None, catkin_skip_building_tests=False, mixin_files=None, mixin=None, verb_parser=<colcon_mixin.mixin.mixin_argument.MixinArgumentDecorator object at 0x7399ce63de70>, verb_extension=<colcon_core.verb.build.BuildVerb object at 0x7399ce63d4b0>, main=<bound method BuildVerb.main of <colcon_core.verb.build.BuildVerb object at 0x7399ce63d4b0>>, mixin_verb=('build',))
[0.146s] Level 1:colcon.colcon_core.package_discovery:discover_packages(colcon_meta) check parameters
[0.146s] Level 1:colcon.colcon_core.package_discovery:discover_packages(recursive) check parameters
[0.146s] Level 1:colcon.colcon_core.package_discovery:discover_packages(ignore) check parameters
[0.146s] Level 1:colcon.colcon_core.package_discovery:discover_packages(path) check parameters
[0.146s] Level 1:colcon.colcon_core.package_discovery:discover_packages(colcon_meta) discover
[0.146s] Level 1:colcon.colcon_core.package_discovery:discover_packages(recursive) discover
[0.146s] INFO:colcon.colcon_core.package_discovery:Crawling recursively for packages in '/home/vboxuser/ros_ws/src'
[0.146s] Level 1:colcon.colcon_core.package_identification:_identify(.) by extensions ['ignore', 'ignore_ament_install']
[0.146s] Level 1:colcon.colcon_core.package_identification:_identify(.) by extension 'ignore'
[0.146s] Level 1:colcon.colcon_core.package_identification:_identify(.) by extension 'ignore_ament_install'
[0.147s] Level 1:colcon.colcon_core.package_identification:_identify(.) by extensions ['colcon_pkg']
[0.147s] Level 1:colcon.colcon_core.package_identification:_identify(.) by extension 'colcon_pkg'
[0.147s] Level 1:colcon.colcon_core.package_identification:_identify(.) by extensions ['colcon_meta']
[0.147s] Level 1:colcon.colcon_core.package_identification:_identify(.) by extension 'colcon_meta'
[0.147s] Level 1:colcon.colcon_core.package_identification:_identify(.) by extensions ['ros']
[0.147s] Level 1:colcon.colcon_core.package_identification:_identify(.) by extension 'ros'
[0.153s] Level 1:colcon.colcon_core.package_identification:_identify(.) by extensions ['cmake', 'python']
[0.153s] Level 1:colcon.colcon_core.package_identification:_identify(.) by extension 'cmake'
[0.153s] Level 1:colcon.colcon_core.package_identification:_identify(.) by extension 'python'
[0.153s] Level 1:colcon.colcon_core.package_identification:_identify(.) by extensions ['python_setup_py']
[0.153s] Level 1:colcon.colcon_core.package_identification:_identify(.) by extension 'python_setup_py'
[0.153s] Level 1:colcon.colcon_core.package_identification:_identify(build) by extensions ['ignore', 'ignore_ament_install']
[0.153s] Level 1:colcon.colcon_core.package_identification:_identify(build) by extension 'ignore'
[0.153s] Level 1:colcon.colcon_core.package_identification:_identify(build) ignored
[0.153s] Level 1:colcon.colcon_core.package_identification:_identify(diff_drivebot) by extensions ['ignore', 'ignore_ament_install']
[0.153s] Level 1:colcon.colcon_core.package_identification:_identify(diff_drivebot) by extension 'ignore'
[0.153s] Level 1:colcon.colcon_core.package_identification:_identify(diff_drivebot) by extension 'ignore_ament_install'
[0.153s] Level 1:colcon.colcon_core.package_identification:_identify(diff_drivebot) by extensions ['colcon_pkg']
[0.153s] Level 1:colcon.colcon_core.package_identification:_identify(diff_drivebot) by extension 'colcon_pkg'
[0.153s] Level 1:colcon.colcon_core.package_identification:_identify(diff_drivebot) by extensions ['colcon_meta']
[0.153s] Level 1:colcon.colcon_core.package_identification:_identify(diff_drivebot) by extension 'colcon_meta'
[0.153s] Level 1:colcon.colcon_core.package_identification:_identify(diff_drivebot) by extensions ['ros']
[0.153s] Level 1:colcon.colcon_core.package_identification:_identify(diff_drivebot) by extension 'ros'
[0.154s] DEBUG:colcon.colcon_core.package_identification:Package 'diff_drivebot' with type 'ros.ament_cmake' and name 'diff_drivebot'
[0.154s] Level 1:colcon.colcon_core.package_identification:_identify(install) by extensions ['ignore', 'ignore_ament_install']
[0.155s] Level 1:colcon.colcon_core.package_identification:_identify(install) by extension 'ignore'
[0.155s] Level 1:colcon.colcon_core.package_identification:_identify(install) ignored
[0.155s] Level 1:colcon.colcon_core.package_identification:_identify(log) by extensions ['ignore', 'ignore_ament_install']
[0.155s] Level 1:colcon.colcon_core.package_identification:_identify(log) by extension 'ignore'
[0.155s] Level 1:colcon.colcon_core.package_identification:_identify(log) ignored
[0.155s] Level 1:colcon.colcon_core.package_identification:_identify(to_rover) by extensions ['ignore', 'ignore_ament_install']
[0.155s] Level 1:colcon.colcon_core.package_identification:_identify(to_rover) by extension 'ignore'
[0.155s] Level 1:colcon.colcon_core.package_identification:_identify(to_rover) by extension 'ignore_ament_install'
[0.155s] Level 1:colcon.colcon_core.package_identification:_identify(to_rover) by extensions ['colcon_pkg']
[0.155s] Level 1:colcon.colcon_core.package_identification:_identify(to_rover) by extension 'colcon_pkg'
[0.155s] Level 1:colcon.colcon_core.package_identification:_identify(to_rover) by extensions ['colcon_meta']
[0.155s] Level 1:colcon.colcon_core.package_identification:_identify(to_rover) by extension 'colcon_meta'
[0.155s] Level 1:colcon.colcon_core.package_identification:_identify(to_rover) by extensions ['ros']
[0.155s] Level 1:colcon.colcon_core.package_identification:_identify(to_rover) by extension 'ros'
[0.155s] DEBUG:colcon.colcon_core.package_identification:Package 'to_rover' with type 'ros.ament_cmake' and name 'to_rover'
[0.155s] Level 1:colcon.colcon_core.package_discovery:discover_packages(recursive) using defaults
[0.155s] Level 1:colcon.colcon_core.package_discovery:discover_packages(ignore) discover
[0.155s] Level 1:colcon.colcon_core.package_discovery:discover_packages(ignore) using defaults
[0.155s] Level 1:colcon.colcon_core.package_discovery:discover_packages(path) discover
[0.155s] Level 1:colcon.colcon_core.package_discovery:discover_packages(path) using defaults
[0.173s] Level 1:colcon.colcon_core.package_discovery:discover_packages(prefix_path) check parameters
[0.173s] Level 1:colcon.colcon_core.package_discovery:discover_packages(prefix_path) discover
[0.174s] WARNING:colcon.colcon_ros.prefix_path.ament:The path '/home/vboxuser/ros_ws/src/install/to_rover' in the environment variable AMENT_PREFIX_PATH doesn't exist
[0.174s] WARNING:colcon.colcon_ros.prefix_path.ament:The path '/home/vboxuser/ros_ws/src/install/diff_drivebot' in the environment variable AMENT_PREFIX_PATH doesn't exist
[0.174s] WARNING:colcon.colcon_ros.prefix_path.catkin:The path '/home/vboxuser/ros_ws/src/install/to_rover' in the environment variable CMAKE_PREFIX_PATH doesn't exist
[0.174s] WARNING:colcon.colcon_ros.prefix_path.catkin:The path '/home/vboxuser/ros_ws/src/install/diff_drivebot' in the environment variable CMAKE_PREFIX_PATH doesn't exist
[0.174s] DEBUG:colcon.colcon_installed_package_information.package_discovery:Found 0 installed packages in /home/vboxuser/ros_ws/src/install
[0.175s] DEBUG:colcon.colcon_installed_package_information.package_discovery:Found 2 installed packages in /home/vboxuser/ros_ws/install
[0.175s] DEBUG:colcon.colcon_installed_package_information.package_discovery:Found 345 installed packages in /opt/ros/humble
[0.176s] Level 1:colcon.colcon_core.package_discovery:discover_packages(prefix_path) using defaults
[0.203s] Level 5:colcon.colcon_core.verb:set package 'diff_drivebot' build argument 'cmake_args' from command line to 'None'
[0.203s] Level 5:colcon.colcon_core.verb:set package 'diff_drivebot' build argument 'cmake_target' from command line to 'None'
[0.203s] Level 5:colcon.colcon_core.verb:set package 'diff_drivebot' build argument 'cmake_target_skip_unavailable' from command line to 'False'
[0.203s] Level 5:colcon.colcon_core.verb:set package 'diff_drivebot' build argument 'cmake_clean_cache' from command line to 'False'
[0.203s] Level 5:colcon.colcon_core.verb:set package 'diff_drivebot' build argument 'cmake_clean_first' from command line to 'False'
[0.203s] Level 5:colcon.colcon_core.verb:set package 'diff_drivebot' build argument 'cmake_force_configure' from command line to 'False'
[0.203s] Level 5:colcon.colcon_core.verb:set package 'diff_drivebot' build argument 'ament_cmake_args' from command line to 'None'
[0.203s] Level 5:colcon.colcon_core.verb:set package 'diff_drivebot' build argument 'catkin_cmake_args' from command line to 'None'
[0.203s] Level 5:colcon.colcon_core.verb:set package 'diff_drivebot' build argument 'catkin_skip_building_tests' from command line to 'False'
[0.203s] DEBUG:colcon.colcon_core.verb:Building package 'diff_drivebot' with the following arguments: {'ament_cmake_args': None, 'build_base': '/home/vboxuser/ros_ws/src/build/diff_drivebot', 'catkin_cmake_args': None, 'catkin_skip_building_tests': False, 'cmake_args': None, 'cmake_clean_cache': False, 'cmake_clean_first': False, 'cmake_force_configure': False, 'cmake_target': None, 'cmake_target_skip_unavailable': False, 'install_base': '/home/vboxuser/ros_ws/src/install/diff_drivebot', 'merge_install': False, 'path': '/home/vboxuser/ros_ws/src/diff_drivebot', 'symlink_install': True, 'test_result_base': None}
[0.204s] Level 5:colcon.colcon_core.verb:set package 'to_rover' build argument 'cmake_args' from command line to 'None'
[0.204s] Level 5:colcon.colcon_core.verb:set package 'to_rover' build argument 'cmake_target' from command line to 'None'
[0.204s] Level 5:colcon.colcon_core.verb:set package 'to_rover' build argument 'cmake_target_skip_unavailable' from command line to 'False'
[0.204s] Level 5:colcon.colcon_core.verb:set package 'to_rover' build argument 'cmake_clean_cache' from command line to 'False'
[0.204s] Level 5:colcon.colcon_core.verb:set package 'to_rover' build argument 'cmake_clean_first' from command line to 'False'
[0.204s] Level 5:colcon.colcon_core.verb:set package 'to_rover' build argument 'cmake_force_configure' from command line to 'False'
[0.204s] Level 5:colcon.colcon_core.verb:set package 'to_rover' build argument 'ament_cmake_args' from command line to 'None'
[0.204s] Level 5:colcon.colcon_core.verb:set package 'to_rover' build argument 'catkin_cmake_args' from command line to 'None'
[0.204s] Level 5:colcon.colcon_core.verb:set package 'to_rover' build argument 'catkin_skip_building_tests' from command line to 'False'
[0.204s] DEBUG:colcon.colcon_core.verb:Building package 'to_rover' with the following arguments: {'ament_cmake_args': None, 'build_base': '/home/vboxuser/ros_ws/src/build/to_rover', 'catkin_cmake_args': None, 'catkin_skip_building_tests': False, 'cmake_args': None, 'cmake_clean_cache': False, 'cmake_clean_first': False, 'cmake_force_configure': False, 'cmake_target': None, 'cmake_target_skip_unavailable': False, 'install_base': '/home/vboxuser/ros_ws/src/install/to_rover', 'merge_install': False, 'path': '/home/vboxuser/ros_ws/src/to_rover', 'symlink_install': True, 'test_result_base': None}
[0.204s] INFO:colcon.colcon_core.executor:Executing jobs using 'parallel' executor
[0.204s] DEBUG:colcon.colcon_parallel_executor.executor.parallel:run_until_complete
[0.205s] INFO:colcon.colcon_ros.task.ament_cmake.build:Building ROS package in '/home/vboxuser/ros_ws/src/diff_drivebot' with build type 'ament_cmake'
[0.205s] INFO:colcon.colcon_cmake.task.cmake.build:Building CMake package in '/home/vboxuser/ros_ws/src/diff_drivebot'
[0.206s] INFO:colcon.colcon_core.plugin_system:Skipping extension 'colcon_core.shell.bat': Not used on non-Windows systems
[0.206s] INFO:colcon.colcon_core.shell:Skip shell extension 'powershell' for command environment: Not usable outside of PowerShell
[0.206s] DEBUG:colcon.colcon_core.shell:Skip shell extension 'dsv' for command environment
[0.208s] INFO:colcon.colcon_ros.task.ament_cmake.build:Building ROS package in '/home/vboxuser/ros_ws/src/to_rover' with build type 'ament_cmake'
[0.208s] INFO:colcon.colcon_cmake.task.cmake.build:Building CMake package in '/home/vboxuser/ros_ws/src/to_rover'
[0.208s] INFO:colcon.colcon_core.shell:Skip shell extension 'powershell' for command environment: Not usable outside of PowerShell
[0.208s] DEBUG:colcon.colcon_core.shell:Skip shell extension 'dsv' for command environment
[0.213s] DEBUG:colcon.colcon_core.event_handler.log_command:Invoking command in '/home/vboxuser/ros_ws/src/build/diff_drivebot': CMAKE_PREFIX_PATH=${CMAKE_PREFIX_PATH}:/opt/ros/humble /usr/bin/cmake /home/vboxuser/ros_ws/src/diff_drivebot -DAMENT_CMAKE_SYMLINK_INSTALL=1 -DCMAKE_INSTALL_PREFIX=/home/vboxuser/ros_ws/src/install/diff_drivebot
[0.215s] DEBUG:colcon.colcon_core.event_handler.log_command:Invoking command in '/home/vboxuser/ros_ws/src/build/to_rover': CMAKE_PREFIX_PATH=${CMAKE_PREFIX_PATH}:/opt/ros/humble /usr/bin/cmake /home/vboxuser/ros_ws/src/to_rover -DAMENT_CMAKE_SYMLINK_INSTALL=1 -DCMAKE_INSTALL_PREFIX=/home/vboxuser/ros_ws/src/install/to_rover
[1.071s] DEBUG:colcon.colcon_core.event_handler.log_command:Invoked command in '/home/vboxuser/ros_ws/src/build/diff_drivebot' returned '0': CMAKE_PREFIX_PATH=${CMAKE_PREFIX_PATH}:/opt/ros/humble /usr/bin/cmake /home/vboxuser/ros_ws/src/diff_drivebot -DAMENT_CMAKE_SYMLINK_INSTALL=1 -DCMAKE_INSTALL_PREFIX=/home/vboxuser/ros_ws/src/install/diff_drivebot
[1.073s] DEBUG:colcon.colcon_core.event_handler.log_command:Invoking command in '/home/vboxuser/ros_ws/src/build/diff_drivebot': CMAKE_PREFIX_PATH=${CMAKE_PREFIX_PATH}:/opt/ros/humble /usr/bin/cmake --build /home/vboxuser/ros_ws/src/build/diff_drivebot -- -j14 -l14
[1.097s] DEBUG:colcon.colcon_core.event_handler.log_command:Invoked command in '/home/vboxuser/ros_ws/src/build/diff_drivebot' returned '0': CMAKE_PREFIX_PATH=${CMAKE_PREFIX_PATH}:/opt/ros/humble /usr/bin/cmake --build /home/vboxuser/ros_ws/src/build/diff_drivebot -- -j14 -l14
[1.103s] DEBUG:colcon.colcon_core.event_handler.log_command:Invoking command in '/home/vboxuser/ros_ws/src/build/diff_drivebot': CMAKE_PREFIX_PATH=${CMAKE_PREFIX_PATH}:/opt/ros/humble /usr/bin/cmake --install /home/vboxuser/ros_ws/src/build/diff_drivebot
[1.109s] DEBUG:colcon.colcon_core.event_handler.log_command:Invoked command in '/home/vboxuser/ros_ws/src/build/to_rover' returned '0': CMAKE_PREFIX_PATH=${CMAKE_PREFIX_PATH}:/opt/ros/humble /usr/bin/cmake /home/vboxuser/ros_ws/src/to_rover -DAMENT_CMAKE_SYMLINK_INSTALL=1 -DCMAKE_INSTALL_PREFIX=/home/vboxuser/ros_ws/src/install/to_rover
[1.110s] DEBUG:colcon.colcon_core.event_handler.log_command:Invoking command in '/home/vboxuser/ros_ws/src/build/to_rover': CMAKE_PREFIX_PATH=${CMAKE_PREFIX_PATH}:/opt/ros/humble /usr/bin/cmake --build /home/vboxuser/ros_ws/src/build/to_rover -- -j14 -l14
[1.141s] DEBUG:colcon.colcon_core.event_handler.log_command:Invoked command in '/home/vboxuser/ros_ws/src/build/to_rover' returned '0': CMAKE_PREFIX_PATH=${CMAKE_PREFIX_PATH}:/opt/ros/humble /usr/bin/cmake --build /home/vboxuser/ros_ws/src/build/to_rover -- -j14 -l14
[1.141s] DEBUG:colcon.colcon_core.event_handler.log_command:Invoking command in '/home/vboxuser/ros_ws/src/build/to_rover': CMAKE_PREFIX_PATH=${CMAKE_PREFIX_PATH}:/opt/ros/humble /usr/bin/cmake --install /home/vboxuser/ros_ws/src/build/to_rover
[1.281s] Level 1:colcon.colcon_core.environment:create_environment_scripts_only(diff_drivebot)
[1.282s] DEBUG:colcon.colcon_core.event_handler.log_command:Invoked command in '/home/vboxuser/ros_ws/src/build/diff_drivebot' returned '0': CMAKE_PREFIX_PATH=${CMAKE_PREFIX_PATH}:/opt/ros/humble /usr/bin/cmake --install /home/vboxuser/ros_ws/src/build/diff_drivebot
[1.283s] Level 1:colcon.colcon_core.environment:checking '/home/vboxuser/ros_ws/src/install/diff_drivebot' for CMake module files
[1.283s] Level 1:colcon.colcon_core.environment:checking '/home/vboxuser/ros_ws/src/install/diff_drivebot' for CMake config files
[1.283s] Level 1:colcon.colcon_core.shell:create_environment_hook('diff_drivebot', 'cmake_prefix_path')
[1.283s] INFO:colcon.colcon_core.shell:Creating environment hook '/home/vboxuser/ros_ws/src/install/diff_drivebot/share/diff_drivebot/hook/cmake_prefix_path.ps1'
[1.284s] INFO:colcon.colcon_core.shell:Creating environment descriptor '/home/vboxuser/ros_ws/src/install/diff_drivebot/share/diff_drivebot/hook/cmake_prefix_path.dsv'
[1.284s] INFO:colcon.colcon_core.shell:Creating environment hook '/home/vboxuser/ros_ws/src/install/diff_drivebot/share/diff_drivebot/hook/cmake_prefix_path.sh'
[1.285s] Level 1:colcon.colcon_core.environment:checking '/home/vboxuser/ros_ws/src/install/diff_drivebot/bin'
[1.285s] Level 1:colcon.colcon_core.environment:checking '/home/vboxuser/ros_ws/src/install/diff_drivebot/lib/pkgconfig/diff_drivebot.pc'
[1.285s] Level 1:colcon.colcon_core.environment:checking '/home/vboxuser/ros_ws/src/install/diff_drivebot/lib/python3.10/site-packages'
[1.285s] Level 1:colcon.colcon_core.environment:checking '/home/vboxuser/ros_ws/src/install/diff_drivebot/bin'
[1.285s] INFO:colcon.colcon_core.shell:Creating package script '/home/vboxuser/ros_ws/src/install/diff_drivebot/share/diff_drivebot/package.ps1'
[1.286s] INFO:colcon.colcon_core.shell:Creating package descriptor '/home/vboxuser/ros_ws/src/install/diff_drivebot/share/diff_drivebot/package.dsv'
[1.286s] INFO:colcon.colcon_core.shell:Creating package script '/home/vboxuser/ros_ws/src/install/diff_drivebot/share/diff_drivebot/package.sh'
[1.287s] INFO:colcon.colcon_core.shell:Creating package script '/home/vboxuser/ros_ws/src/install/diff_drivebot/share/diff_drivebot/package.bash'
[1.287s] INFO:colcon.colcon_core.shell:Creating package script '/home/vboxuser/ros_ws/src/install/diff_drivebot/share/diff_drivebot/package.zsh'
[1.288s] Level 1:colcon.colcon_core.environment:create_file_with_runtime_dependencies(/home/vboxuser/ros_ws/src/install/diff_drivebot/share/colcon-core/packages/diff_drivebot)
[1.288s] Level 1:colcon.colcon_core.environment:create_environment_scripts_only(diff_drivebot)
[1.288s] Level 1:colcon.colcon_core.environment:checking '/home/vboxuser/ros_ws/src/install/diff_drivebot' for CMake module files
[1.288s] Level 1:colcon.colcon_core.environment:checking '/home/vboxuser/ros_ws/src/install/diff_drivebot' for CMake config files
[1.288s] Level 1:colcon.colcon_core.shell:create_environment_hook('diff_drivebot', 'cmake_prefix_path')
[1.288s] INFO:colcon.colcon_core.shell:Creating environment hook '/home/vboxuser/ros_ws/src/install/diff_drivebot/share/diff_drivebot/hook/cmake_prefix_path.ps1'
[1.289s] INFO:colcon.colcon_core.shell:Creating environment descriptor '/home/vboxuser/ros_ws/src/install/diff_drivebot/share/diff_drivebot/hook/cmake_prefix_path.dsv'
[1.289s] INFO:colcon.colcon_core.shell:Creating environment hook '/home/vboxuser/ros_ws/src/install/diff_drivebot/share/diff_drivebot/hook/cmake_prefix_path.sh'
[1.289s] Level 1:colcon.colcon_core.environment:checking '/home/vboxuser/ros_ws/src/install/diff_drivebot/bin'
[1.289s] Level 1:colcon.colcon_core.environment:checking '/home/vboxuser/ros_ws/src/install/diff_drivebot/lib/pkgconfig/diff_drivebot.pc'
[1.289s] Level 1:colcon.colcon_core.environment:checking '/home/vboxuser/ros_ws/src/install/diff_drivebot/lib/python3.10/site-packages'
[1.290s] Level 1:colcon.colcon_core.environment:checking '/home/vboxuser/ros_ws/src/install/diff_drivebot/bin'
[1.290s] INFO:colcon.colcon_core.shell:Creating package script '/home/vboxuser/ros_ws/src/install/diff_drivebot/share/diff_drivebot/package.ps1'
[1.290s] INFO:colcon.colcon_core.shell:Creating package descriptor '/home/vboxuser/ros_ws/src/install/diff_drivebot/share/diff_drivebot/package.dsv'
[1.291s] INFO:colcon.colcon_core.shell:Creating package script '/home/vboxuser/ros_ws/src/install/diff_drivebot/share/diff_drivebot/package.sh'
[1.291s] INFO:colcon.colcon_core.shell:Creating package script '/home/vboxuser/ros_ws/src/install/diff_drivebot/share/diff_drivebot/package.bash'
[1.291s] INFO:colcon.colcon_core.shell:Creating package script '/home/vboxuser/ros_ws/src/install/diff_drivebot/share/diff_drivebot/package.zsh'
[1.292s] Level 1:colcon.colcon_core.environment:create_file_with_runtime_dependencies(/home/vboxuser/ros_ws/src/install/diff_drivebot/share/colcon-core/packages/diff_drivebot)
[1.375s] Level 1:colcon.colcon_core.environment:create_environment_scripts_only(to_rover)
[1.375s] Level 1:colcon.colcon_core.environment:checking '/home/vboxuser/ros_ws/src/install/to_rover' for CMake module files
[1.375s] DEBUG:colcon.colcon_core.event_handler.log_command:Invoked command in '/home/vboxuser/ros_ws/src/build/to_rover' returned '0': CMAKE_PREFIX_PATH=${CMAKE_PREFIX_PATH}:/opt/ros/humble /usr/bin/cmake --install /home/vboxuser/ros_ws/src/build/to_rover
[1.375s] Level 1:colcon.colcon_core.environment:checking '/home/vboxuser/ros_ws/src/install/to_rover' for CMake config files
[1.376s] Level 1:colcon.colcon_core.shell:create_environment_hook('to_rover', 'cmake_prefix_path')
[1.376s] INFO:colcon.colcon_core.shell:Creating environment hook '/home/vboxuser/ros_ws/src/install/to_rover/share/to_rover/hook/cmake_prefix_path.ps1'
[1.376s] INFO:colcon.colcon_core.shell:Creating environment descriptor '/home/vboxuser/ros_ws/src/install/to_rover/share/to_rover/hook/cmake_prefix_path.dsv'
[1.376s] INFO:colcon.colcon_core.shell:Creating environment hook '/home/vboxuser/ros_ws/src/install/to_rover/share/to_rover/hook/cmake_prefix_path.sh'
[1.376s] Level 1:colcon.colcon_core.environment:checking '/home/vboxuser/ros_ws/src/install/to_rover/bin'
[1.377s] Level 1:colcon.colcon_core.environment:checking '/home/vboxuser/ros_ws/src/install/to_rover/lib/pkgconfig/to_rover.pc'
[1.377s] Level 1:colcon.colcon_core.environment:checking '/home/vboxuser/ros_ws/src/install/to_rover/lib/python3.10/site-packages'
[1.377s] Level 1:colcon.colcon_core.environment:checking '/home/vboxuser/ros_ws/src/install/to_rover/bin'
[1.377s] INFO:colcon.colcon_core.shell:Creating package script '/home/vboxuser/ros_ws/src/install/to_rover/share/to_rover/package.ps1'
[1.377s] INFO:colcon.colcon_core.shell:Creating package descriptor '/home/vboxuser/ros_ws/src/install/to_rover/share/to_rover/package.dsv'
[1.377s] INFO:colcon.colcon_core.shell:Creating package script '/home/vboxuser/ros_ws/src/install/to_rover/share/to_rover/package.sh'
[1.378s] INFO:colcon.colcon_core.shell:Creating package script '/home/vboxuser/ros_ws/src/install/to_rover/share/to_rover/package.bash'
[1.378s] INFO:colcon.colcon_core.shell:Creating package script '/home/vboxuser/ros_ws/src/install/to_rover/share/to_rover/package.zsh'
[1.378s] Level 1:colcon.colcon_core.environment:create_file_with_runtime_dependencies(/home/vboxuser/ros_ws/src/install/to_rover/share/colcon-core/packages/to_rover)
[1.378s] Level 1:colcon.colcon_core.environment:create_environment_scripts_only(to_rover)
[1.378s] Level 1:colcon.colcon_core.environment:checking '/home/vboxuser/ros_ws/src/install/to_rover' for CMake module files
[1.378s] Level 1:colcon.colcon_core.environment:checking '/home/vboxuser/ros_ws/src/install/to_rover' for CMake config files
[1.379s] Level 1:colcon.colcon_core.shell:create_environment_hook('to_rover', 'cmake_prefix_path')
[1.379s] INFO:colcon.colcon_core.shell:Creating environment hook '/home/vboxuser/ros_ws/src/install/to_rover/share/to_rover/hook/cmake_prefix_path.ps1'
[1.379s] INFO:colcon.colcon_core.shell:Creating environment descriptor '/home/vboxuser/ros_ws/src/install/to_rover/share/to_rover/hook/cmake_prefix_path.dsv'
[1.379s] INFO:colcon.colcon_core.shell:Creating environment hook '/home/vboxuser/ros_ws/src/install/to_rover/share/to_rover/hook/cmake_prefix_path.sh'
[1.380s] Level 1:colcon.colcon_core.environment:checking '/home/vboxuser/ros_ws/src/install/to_rover/bin'
[1.380s] Level 1:colcon.colcon_core.environment:checking '/home/vboxuser/ros_ws/src/install/to_rover/lib/pkgconfig/to_rover.pc'
[1.380s] Level 1:colcon.colcon_core.environment:checking '/home/vboxuser/ros_ws/src/install/to_rover/lib/python3.10/site-packages'
[1.380s] Level 1:colcon.colcon_core.environment:checking '/home/vboxuser/ros_ws/src/install/to_rover/bin'
[1.380s] INFO:colcon.colcon_core.shell:Creating package script '/home/vboxuser/ros_ws/src/install/to_rover/share/to_rover/package.ps1'
[1.380s] INFO:colcon.colcon_core.shell:Creating package descriptor '/home/vboxuser/ros_ws/src/install/to_rover/share/to_rover/package.dsv'
[1.381s] INFO:colcon.colcon_core.shell:Creating package script '/home/vboxuser/ros_ws/src/install/to_rover/share/to_rover/package.sh'
[1.381s] INFO:colcon.colcon_core.shell:Creating package script '/home/vboxuser/ros_ws/src/install/to_rover/share/to_rover/package.bash'
[1.381s] INFO:colcon.colcon_core.shell:Creating package script '/home/vboxuser/ros_ws/src/install/to_rover/share/to_rover/package.zsh'
[1.381s] Level 1:colcon.colcon_core.environment:create_file_with_runtime_dependencies(/home/vboxuser/ros_ws/src/install/to_rover/share/colcon-core/packages/to_rover)
[1.382s] DEBUG:colcon.colcon_parallel_executor.executor.parallel:closing loop
[1.382s] DEBUG:colcon.colcon_parallel_executor.executor.parallel:loop closed
[1.382s] DEBUG:colcon.colcon_parallel_executor.executor.parallel:run_until_complete finished with '0'
[1.382s] DEBUG:colcon.colcon_core.event_reactor:joining thread
[1.385s] INFO:colcon.colcon_core.plugin_system:Skipping extension 'colcon_notification.desktop_notification.terminal_notifier': Not used on non-Darwin systems
[1.385s] INFO:colcon.colcon_core.plugin_system:Skipping extension 'colcon_notification.desktop_notification.win32': Not used on non-Windows systems
[1.385s] INFO:colcon.colcon_notification.desktop_notification:Sending desktop notification using 'notify2'
[1.392s] DEBUG:colcon.colcon_core.event_reactor:joined thread
[1.392s] INFO:colcon.colcon_core.shell:Creating prefix script '/home/vboxuser/ros_ws/src/install/local_setup.ps1'
[1.393s] INFO:colcon.colcon_core.shell:Creating prefix util module '/home/vboxuser/ros_ws/src/install/_local_setup_util_ps1.py'
[1.394s] INFO:colcon.colcon_core.shell:Creating prefix chain script '/home/vboxuser/ros_ws/src/install/setup.ps1'
[1.394s] INFO:colcon.colcon_core.shell:Creating prefix script '/home/vboxuser/ros_ws/src/install/local_setup.sh'
[1.395s] INFO:colcon.colcon_core.shell:Creating prefix util module '/home/vboxuser/ros_ws/src/install/_local_setup_util_sh.py'
[1.395s] INFO:colcon.colcon_core.shell:Creating prefix chain script '/home/vboxuser/ros_ws/src/install/setup.sh'
[1.395s] INFO:colcon.colcon_core.shell:Creating prefix script '/home/vboxuser/ros_ws/src/install/local_setup.bash'
[1.396s] INFO:colcon.colcon_core.shell:Creating prefix chain script '/home/vboxuser/ros_ws/src/install/setup.bash'
[1.396s] INFO:colcon.colcon_core.shell:Creating prefix script '/home/vboxuser/ros_ws/src/install/local_setup.zsh'
[1.396s] INFO:colcon.colcon_core.shell:Creating prefix chain script '/home/vboxuser/ros_ws/src/install/setup.zsh'
