-- The C compiler identification is GNU 11.4.0
-- The CXX compiler identification is GNU 11.4.0
-- Detecting C compiler ABI info
-- Detecting C compiler ABI info - done
-- Check for working C compiler: /usr/bin/cc - skipped
-- Detecting C compile features
-- Detecting C compile features - done
-- Detecting CXX compiler ABI info
-- Detecting CXX compiler ABI info - done
-- Check for working CXX compiler: /usr/bin/c++ - skipped
-- Detecting CXX compile features
-- Detecting CXX compile features - done
-- Found ament_cmake: 1.3.12 (/opt/ros/humble/share/ament_cmake/cmake)
-- Found Python3: /usr/bin/python3 (found version "3.10.12") found components: Interpreter 
-- Override CMake install command with custom implementation using symlinks instead of copying resources
-- Found rcpputils: 2.4.6 (/opt/ros/humble/share/rcpputils/cmake)
-- Found control_toolbox: 3.6.2 (/opt/ros/humble/share/control_toolbox/cmake)
-- Found rosidl_generator_c: 3.1.7 (/opt/ros/humble/share/rosidl_generator_c/cmake)
-- Found rosidl_adapter: 3.1.7 (/opt/ros/humble/share/rosidl_adapter/cmake)
-- Found rosidl_generator_cpp: 3.1.7 (/opt/ros/humble/share/rosidl_generator_cpp/cmake)
-- Using all available rosidl_typesupport_c: rosidl_typesupport_fastrtps_c;rosidl_typesupport_introspection_c
-- Using all available rosidl_typesupport_cpp: rosidl_typesupport_fastrtps_cpp;rosidl_typesupport_introspection_cpp
-- Found rmw_implementation_cmake: 6.1.2 (/opt/ros/humble/share/rmw_implementation_cmake/cmake)
-- Found rmw_fastrtps_cpp: 6.2.9 (/opt/ros/humble/share/rmw_fastrtps_cpp/cmake)
-- Found OpenSSL: /usr/lib/x86_64-linux-gnu/libcrypto.so (found version "3.0.2")  
-- Found FastRTPS: /opt/ros/humble/include  
-- Using RMW implementation 'rmw_fastrtps_cpp' as default
-- Looking for pthread.h
-- Looking for pthread.h - found
-- Performing Test CMAKE_HAVE_LIBC_PTHREAD
-- Performing Test CMAKE_HAVE_LIBC_PTHREAD - Success
-- Found Threads: TRUE  
-- Found controller_interface: 2.52.0 (/opt/ros/humble/share/controller_interface/cmake)
-- Found nav_msgs: 4.9.0 (/opt/ros/humble/share/nav_msgs/cmake)
-- Found tf2: 0.25.16 (/opt/ros/humble/share/tf2/cmake)
-- Found tf2_msgs: 0.25.16 (/opt/ros/humble/share/tf2_msgs/cmake)
-- Found ament_lint_auto: 0.12.14 (/opt/ros/humble/share/ament_lint_auto/cmake)
-- Added test 'cppcheck' to perform static code analysis on C / C++ code
-- Configured cppcheck include dirs: $<BUILD_INTERFACE:/home/vboxuser/ros_ws/src/to_wheels_drive/include>
-- Configured cppcheck exclude dirs and/or files: 
-- Added test 'lint_cmake' to check CMake code style
-- Added test 'uncrustify' to check C / C++ code style
-- Configured uncrustify additional arguments: 
-- Added test 'xmllint' to check XML markup files
-- Configuring done
-- Generating done
-- Build files have been written to: /home/vboxuser/ros_ws/build/to_wheels_drive
[ 33%] [32mBuilding CXX object CMakeFiles/to_wheels_drive.dir/src/to_wheels_drive.cpp.o[0m
[ 66%] [32mBuilding CXX object CMakeFiles/to_wheels_drive.dir/src/odometry.cpp.o[0m
[100%] [32m[1mLinking CXX shared library libto_wheels_drive.so[0m
[100%] Built target to_wheels_drive
-- Install configuration: ""
-- Execute custom install script
-- Symlinking: /home/vboxuser/ros_ws/install/to_wheels_drive/share/to_wheels_drive//to_wheels_drive_plugin.xml
-- Symlinking: /home/vboxuser/ros_ws/install/to_wheels_drive/include/to_wheels_drive/to_wheels_drive/odometry.hpp
-- Symlinking: /home/vboxuser/ros_ws/install/to_wheels_drive/include/to_wheels_drive/to_wheels_drive/to_wheels_drive.hpp
-- Symlinking: /home/vboxuser/ros_ws/install/to_wheels_drive/share/to_wheels_drive/environment/library_path.sh
-- Symlinking: /home/vboxuser/ros_ws/install/to_wheels_drive/share/to_wheels_drive/environment/library_path.dsv
-- Symlinking: /home/vboxuser/ros_ws/install/to_wheels_drive/share/ament_index/resource_index/package_run_dependencies/to_wheels_drive
-- Symlinking: /home/vboxuser/ros_ws/install/to_wheels_drive/share/ament_index/resource_index/parent_prefix_path/to_wheels_drive
-- Symlinking: /home/vboxuser/ros_ws/install/to_wheels_drive/share/to_wheels_drive/environment/ament_prefix_path.sh
-- Symlinking: /home/vboxuser/ros_ws/install/to_wheels_drive/share/to_wheels_drive/environment/ament_prefix_path.dsv
-- Symlinking: /home/vboxuser/ros_ws/install/to_wheels_drive/share/to_wheels_drive/environment/path.sh
-- Symlinking: /home/vboxuser/ros_ws/install/to_wheels_drive/share/to_wheels_drive/environment/path.dsv
-- Symlinking: /home/vboxuser/ros_ws/install/to_wheels_drive/share/to_wheels_drive/local_setup.bash
-- Symlinking: /home/vboxuser/ros_ws/install/to_wheels_drive/share/to_wheels_drive/local_setup.sh
-- Symlinking: /home/vboxuser/ros_ws/install/to_wheels_drive/share/to_wheels_drive/local_setup.zsh
-- Symlinking: /home/vboxuser/ros_ws/install/to_wheels_drive/share/to_wheels_drive/local_setup.dsv
-- Symlinking: /home/vboxuser/ros_ws/install/to_wheels_drive/share/to_wheels_drive/package.dsv
-- Symlinking: /home/vboxuser/ros_ws/install/to_wheels_drive/share/ament_index/resource_index/packages/to_wheels_drive
-- Symlinking: /home/vboxuser/ros_ws/install/to_wheels_drive/share/ament_index/resource_index/controller_interface__pluginlib__plugin/to_wheels_drive
-- Symlinking: /home/vboxuser/ros_ws/install/to_wheels_drive/share/to_wheels_drive/cmake/ament_cmake_export_targets-extras.cmake
-- Symlinking: /home/vboxuser/ros_ws/install/to_wheels_drive/share/to_wheels_drive/cmake/ament_cmake_export_dependencies-extras.cmake
-- Symlinking: /home/vboxuser/ros_ws/install/to_wheels_drive/share/to_wheels_drive/cmake/to_wheels_driveConfig.cmake
-- Symlinking: /home/vboxuser/ros_ws/install/to_wheels_drive/share/to_wheels_drive/cmake/to_wheels_driveConfig-version.cmake
-- Symlinking: /home/vboxuser/ros_ws/install/to_wheels_drive/share/to_wheels_drive/package.xml
-- Installing: /home/vboxuser/ros_ws/install/to_wheels_drive/lib/libto_wheels_drive.so
-- Set runtime path of "/home/vboxuser/ros_ws/install/to_wheels_drive/lib/libto_wheels_drive.so" to ""
-- Installing: /home/vboxuser/ros_ws/install/to_wheels_drive/share/to_wheels_drive/cmake/export_to_wheels_driveExport.cmake
-- Installing: /home/vboxuser/ros_ws/install/to_wheels_drive/share/to_wheels_drive/cmake/export_to_wheels_driveExport-noconfig.cmake
