[0.006s] Invoking command in '/home/vboxuser/ros_ws/src/build/to_rover': CMAKE_PREFIX_PATH=${CMAKE_PREFIX_PATH}:/opt/ros/humble /usr/bin/cmake /home/vboxuser/ros_ws/src/to_rover -DAMENT_CMAKE_SYMLINK_INSTALL=1 -DCMAKE_INSTALL_PREFIX=/home/vboxuser/ros_ws/src/install/to_rover
[0.041s] -- The C compiler identification is GNU 11.4.0
[0.074s] -- The CXX compiler identification is GNU 11.4.0
[0.078s] -- Detecting C compiler ABI info
[0.123s] -- Detecting C compiler ABI info - done
[0.127s] -- Check for working C compiler: /usr/bin/cc - skipped
[0.127s] -- Detecting C compile features
[0.128s] -- Detecting C compile features - done
[0.130s] -- Detecting CXX compiler ABI info
[0.179s] -- Detecting CXX compiler ABI info - done
[0.182s] -- Check for working CXX compiler: /usr/bin/c++ - skipped
[0.182s] -- Detecting CXX compile features
[0.182s] -- Detecting CXX compile features - done
[0.185s] -- Found ament_cmake: 1.3.12 (/opt/ros/humble/share/ament_cmake/cmake)
[0.277s] -- Found Python3: /usr/bin/python3 (found version "3.10.12") found components: Interpreter 
[0.318s] -- Override CMake install command with custom implementation using symlinks instead of copying resources
[0.332s] -- Found rclcpp: 16.0.15 (/opt/ros/humble/share/rclcpp/cmake)
[0.355s] -- Found rosidl_generator_c: 3.1.7 (/opt/ros/humble/share/rosidl_generator_c/cmake)
[0.358s] -- Found rosidl_adapter: 3.1.7 (/opt/ros/humble/share/rosidl_adapter/cmake)
[0.362s] -- Found rosidl_generator_cpp: 3.1.7 (/opt/ros/humble/share/rosidl_generator_cpp/cmake)
[0.369s] -- Using all available rosidl_typesupport_c: rosidl_typesupport_fastrtps_c;rosidl_typesupport_introspection_c
[0.378s] -- Using all available rosidl_typesupport_cpp: rosidl_typesupport_fastrtps_cpp;rosidl_typesupport_introspection_cpp
[0.402s] -- Found rmw_implementation_cmake: 6.1.2 (/opt/ros/humble/share/rmw_implementation_cmake/cmake)
[0.403s] -- Found rmw_fastrtps_cpp: 6.2.9 (/opt/ros/humble/share/rmw_fastrtps_cpp/cmake)
[0.459s] -- Found OpenSSL: /usr/lib/x86_64-linux-gnu/libcrypto.so (found version "3.0.2")  
[0.477s] -- Found FastRTPS: /opt/ros/humble/include  
[0.500s] -- Using RMW implementation 'rmw_fastrtps_cpp' as default
[0.505s] -- Looking for pthread.h
[0.552s] -- Looking for pthread.h - found
[0.552s] -- Performing Test CMAKE_HAVE_LIBC_PTHREAD
[0.596s] -- Performing Test CMAKE_HAVE_LIBC_PTHREAD - Success
[0.597s] -- Found Threads: TRUE  
[0.631s] -- Found control_msgs: 4.8.0 (/opt/ros/humble/share/control_msgs/cmake)
[0.686s] -- Found control_toolbox: 3.6.2 (/opt/ros/humble/share/control_toolbox/cmake)
[0.752s] -- Found ros_gz: 0.244.20 (/opt/ros/humble/share/ros_gz/cmake)
[0.753s] -- Found ackermann_steering_controller: 2.50.1 (/opt/ros/humble/share/ackermann_steering_controller/cmake)
[0.806s] -- Found eigen3_cmake_module: 0.1.1 (/opt/ros/humble/share/eigen3_cmake_module/cmake)
[0.807s] -- Found Eigen3: TRUE (found version "3.4.0") 
[0.807s] -- Ensuring Eigen3 include directory is part of orocos-kdl CMake target
[0.829s] -- Found joint_state_broadcaster: 2.50.1 (/opt/ros/humble/share/joint_state_broadcaster/cmake)
[0.833s] -- Found ament_lint_auto: 0.12.14 (/opt/ros/humble/share/ament_lint_auto/cmake)
[0.883s] -- Added test 'cppcheck' to perform static code analysis on C / C++ code
[0.883s] -- Configured cppcheck include dirs: 
[0.883s] -- Configured cppcheck exclude dirs and/or files: 
[0.883s] -- Added test 'flake8' to check Python code syntax and style conventions
[0.884s] -- Added test 'lint_cmake' to check CMake code style
[0.884s] -- Added test 'pep257' to check Python code against some of the docstring style conventions in PEP 257
[0.885s] -- Added test 'uncrustify' to check C / C++ code style
[0.885s] -- Configured uncrustify additional arguments: 
[0.886s] -- Added test 'xmllint' to check XML markup files
[0.887s] -- Configuring done
[0.891s] -- Generating done
[0.892s] -- Build files have been written to: /home/vboxuser/ros_ws/src/build/to_rover
[0.900s] Invoked command in '/home/vboxuser/ros_ws/src/build/to_rover' returned '0': CMAKE_PREFIX_PATH=${CMAKE_PREFIX_PATH}:/opt/ros/humble /usr/bin/cmake /home/vboxuser/ros_ws/src/to_rover -DAMENT_CMAKE_SYMLINK_INSTALL=1 -DCMAKE_INSTALL_PREFIX=/home/vboxuser/ros_ws/src/install/to_rover
[0.901s] Invoking command in '/home/vboxuser/ros_ws/src/build/to_rover': CMAKE_PREFIX_PATH=${CMAKE_PREFIX_PATH}:/opt/ros/humble /usr/bin/cmake --build /home/vboxuser/ros_ws/src/build/to_rover -- -j14 -l14
[0.932s] Invoked command in '/home/vboxuser/ros_ws/src/build/to_rover' returned '0': CMAKE_PREFIX_PATH=${CMAKE_PREFIX_PATH}:/opt/ros/humble /usr/bin/cmake --build /home/vboxuser/ros_ws/src/build/to_rover -- -j14 -l14
[0.933s] Invoking command in '/home/vboxuser/ros_ws/src/build/to_rover': CMAKE_PREFIX_PATH=${CMAKE_PREFIX_PATH}:/opt/ros/humble /usr/bin/cmake --install /home/vboxuser/ros_ws/src/build/to_rover
[0.937s] -- Install configuration: ""
[0.937s] -- Execute custom install script
[0.938s] -- Symlinking: /home/vboxuser/ros_ws/src/install/to_rover/share/to_rover//launch/display.launch
[0.942s] -- Symlinking: /home/vboxuser/ros_ws/src/install/to_rover/share/to_rover//launch/view_to.launch.py
[0.948s] -- Symlinking: /home/vboxuser/ros_ws/src/install/to_rover/share/to_rover//urdf/to.gazebo.xacro
[0.952s] -- Symlinking: /home/vboxuser/ros_ws/src/install/to_rover/share/to_rover//urdf/to.transmission.xacro
[0.956s] -- Symlinking: /home/vboxuser/ros_ws/src/install/to_rover/share/to_rover//urdf/to_rover.csv
[0.961s] -- Symlinking: /home/vboxuser/ros_ws/src/install/to_rover/share/to_rover//urdf/to_rover.urdf
[0.966s] -- Symlinking: /home/vboxuser/ros_ws/src/install/to_rover/share/to_rover//urdf/to_rover.urdf.xacro
[0.970s] -- Symlinking: /home/vboxuser/ros_ws/src/install/to_rover/share/to_rover//urdf/to_urdf_joint_limited_robot.urdf
[0.975s] -- Symlinking: /home/vboxuser/ros_ws/src/install/to_rover/share/to_rover//meshes/collision/LFS.STL
[0.980s] -- Symlinking: /home/vboxuser/ros_ws/src/install/to_rover/share/to_rover//meshes/collision/LFW.STL
[0.985s] -- Symlinking: /home/vboxuser/ros_ws/src/install/to_rover/share/to_rover//meshes/collision/LRS.STL
[0.989s] -- Symlinking: /home/vboxuser/ros_ws/src/install/to_rover/share/to_rover//meshes/collision/LRW.STL
[0.994s] -- Symlinking: /home/vboxuser/ros_ws/src/install/to_rover/share/to_rover//meshes/collision/RFS.STL
[0.999s] -- Symlinking: /home/vboxuser/ros_ws/src/install/to_rover/share/to_rover//meshes/collision/RFW.STL
[1.003s] -- Symlinking: /home/vboxuser/ros_ws/src/install/to_rover/share/to_rover//meshes/collision/RRS.STL
[1.007s] -- Symlinking: /home/vboxuser/ros_ws/src/install/to_rover/share/to_rover//meshes/collision/RRW.STL
[1.013s] -- Symlinking: /home/vboxuser/ros_ws/src/install/to_rover/share/to_rover//meshes/collision/base_link.STL
[1.020s] -- Symlinking: /home/vboxuser/ros_ws/src/install/to_rover/share/to_rover//meshes/visual/LFS.dae
[1.025s] -- Symlinking: /home/vboxuser/ros_ws/src/install/to_rover/share/to_rover//meshes/visual/LFW.dae
[1.032s] -- Symlinking: /home/vboxuser/ros_ws/src/install/to_rover/share/to_rover//meshes/visual/LRS.dae
[1.037s] -- Symlinking: /home/vboxuser/ros_ws/src/install/to_rover/share/to_rover//meshes/visual/LRW.dae
[1.042s] -- Symlinking: /home/vboxuser/ros_ws/src/install/to_rover/share/to_rover//meshes/visual/RFS.dae
[1.047s] -- Symlinking: /home/vboxuser/ros_ws/src/install/to_rover/share/to_rover//meshes/visual/RFW.dae
[1.052s] -- Symlinking: /home/vboxuser/ros_ws/src/install/to_rover/share/to_rover//meshes/visual/RRS.dae
[1.056s] -- Symlinking: /home/vboxuser/ros_ws/src/install/to_rover/share/to_rover//meshes/visual/RRW.dae
[1.061s] -- Symlinking: /home/vboxuser/ros_ws/src/install/to_rover/share/to_rover//meshes/visual/base_link.dae
[1.066s] -- Symlinking: /home/vboxuser/ros_ws/src/install/to_rover/share/to_rover//src/Wheel_control.cpp
[1.072s] -- Symlinking: /home/vboxuser/ros_ws/src/install/to_rover/share/to_rover//config/joint_names_to_rover.yaml
[1.076s] -- Symlinking: /home/vboxuser/ros_ws/src/install/to_rover/share/to_rover//config/to_control_manager.yaml
[1.081s] -- Symlinking: /home/vboxuser/ros_ws/src/install/to_rover/share/ament_index/resource_index/package_run_dependencies/to_rover
[1.086s] -- Symlinking: /home/vboxuser/ros_ws/src/install/to_rover/share/ament_index/resource_index/parent_prefix_path/to_rover
[1.091s] -- Symlinking: /home/vboxuser/ros_ws/src/install/to_rover/share/to_rover/environment/ament_prefix_path.sh
[1.096s] -- Symlinking: /home/vboxuser/ros_ws/src/install/to_rover/share/to_rover/environment/ament_prefix_path.dsv
[1.101s] -- Symlinking: /home/vboxuser/ros_ws/src/install/to_rover/share/to_rover/environment/path.sh
[1.106s] -- Symlinking: /home/vboxuser/ros_ws/src/install/to_rover/share/to_rover/environment/path.dsv
[1.112s] -- Symlinking: /home/vboxuser/ros_ws/src/install/to_rover/share/to_rover/local_setup.bash
[1.117s] -- Symlinking: /home/vboxuser/ros_ws/src/install/to_rover/share/to_rover/local_setup.sh
[1.122s] -- Symlinking: /home/vboxuser/ros_ws/src/install/to_rover/share/to_rover/local_setup.zsh
[1.127s] -- Symlinking: /home/vboxuser/ros_ws/src/install/to_rover/share/to_rover/local_setup.dsv
[1.133s] -- Symlinking: /home/vboxuser/ros_ws/src/install/to_rover/share/to_rover/package.dsv
[1.140s] -- Symlinking: /home/vboxuser/ros_ws/src/install/to_rover/share/ament_index/resource_index/packages/to_rover
[1.145s] -- Symlinking: /home/vboxuser/ros_ws/src/install/to_rover/share/to_rover/cmake/ament_cmake_export_dependencies-extras.cmake
[1.149s] -- Symlinking: /home/vboxuser/ros_ws/src/install/to_rover/share/to_rover/cmake/to_roverConfig.cmake
[1.155s] -- Symlinking: /home/vboxuser/ros_ws/src/install/to_rover/share/to_rover/cmake/to_roverConfig-version.cmake
[1.160s] -- Symlinking: /home/vboxuser/ros_ws/src/install/to_rover/share/to_rover/package.xml
[1.166s] Invoked command in '/home/vboxuser/ros_ws/src/build/to_rover' returned '0': CMAKE_PREFIX_PATH=${CMAKE_PREFIX_PATH}:/opt/ros/humble /usr/bin/cmake --install /home/vboxuser/ros_ws/src/build/to_rover
